Using pre-set license
Built from '2022.3/staging' branch; Version is '2022.3.15f1 (b58023a2b463) revision 11894819'; Using compiler version '192829333'; Build Type 'Release'
OS: 'Windows 11  (10.0.22631) 64bit Professional' Language: 'en' Physical Memory: 16221 MB
BatchMode: 1, IsHumanControllingUs: 0, StartBugReporterOnCrash: 0, Is64bit: 1, IsPro: 1

COMMAND LINE ARGUMENTS:
C:\Program Files\Unity\Hub\Editor\2022.3.15f1\Editor\Unity.exe
-adb2
-batchMode
-noUpm
-name
AssetImportWorker4
-projectPath
C:/Users/aluno/Documents/Projects/My project
-logFile
Logs/AssetImportWorker4.log
-srvPort
55476
Successfully changed project path to: C:/Users/aluno/Documents/Projects/My project
C:/Users/aluno/Documents/Projects/My project
[UnityMemory] Configuration Parameters - Can be set up in boot.config
    "memorysetup-bucket-allocator-granularity=16"
    "memorysetup-bucket-allocator-bucket-count=8"
    "memorysetup-bucket-allocator-block-size=33554432"
    "memorysetup-bucket-allocator-block-count=8"
    "memorysetup-main-allocator-block-size=16777216"
    "memorysetup-thread-allocator-block-size=16777216"
    "memorysetup-gfx-main-allocator-block-size=16777216"
    "memorysetup-gfx-thread-allocator-block-size=16777216"
    "memorysetup-cache-allocator-block-size=4194304"
    "memorysetup-typetree-allocator-block-size=2097152"
    "memorysetup-profiler-bucket-allocator-granularity=16"
    "memorysetup-profiler-bucket-allocator-bucket-count=8"
    "memorysetup-profiler-bucket-allocator-block-size=33554432"
    "memorysetup-profiler-bucket-allocator-block-count=8"
    "memorysetup-profiler-allocator-block-size=16777216"
    "memorysetup-profiler-editor-allocator-block-size=1048576"
    "memorysetup-temp-allocator-size-main=16777216"
    "memorysetup-job-temp-allocator-block-size=2097152"
    "memorysetup-job-temp-allocator-block-size-background=1048576"
    "memorysetup-job-temp-allocator-reduction-small-platforms=262144"
    "memorysetup-allocator-temp-initial-block-size-main=262144"
    "memorysetup-allocator-temp-initial-block-size-worker=262144"
    "memorysetup-temp-allocator-size-background-worker=32768"
    "memorysetup-temp-allocator-size-job-worker=262144"
    "memorysetup-temp-allocator-size-preload-manager=33554432"
    "memorysetup-temp-allocator-size-nav-mesh-worker=65536"
    "memorysetup-temp-allocator-size-audio-worker=65536"
    "memorysetup-temp-allocator-size-cloud-worker=32768"
    "memorysetup-temp-allocator-size-gi-baking-worker=262144"
    "memorysetup-temp-allocator-size-gfx=262144"
Player connection [5060] Host "[IP] 192.168.1.170 [Port] 0 [Flags] 2 [Guid] 896478534 [EditorId] 896478534 [Version] 1048832 [Id] WindowsEditor(7,pc01) [Debug] 1 [PackageName] WindowsEditor [ProjectName] Editor" joined multi-casting on [225.0.0.222:54997]...

Player connection [5060] Host "[IP] 192.168.1.170 [Port] 0 [Flags] 2 [Guid] 896478534 [EditorId] 896478534 [Version] 1048832 [Id] WindowsEditor(7,pc01) [Debug] 1 [PackageName] WindowsEditor [ProjectName] Editor" joined alternative multi-casting on [225.0.0.222:34997]...

[Physics::Module] Initialized MultithreadedJobDispatcher with 15 workers.
Refreshing native plugins compatible for Editor in 20.36 ms, found 4 plugins.
Preloading 0 native plugins for Editor in 0.00 ms.
Initialize engine version: 2022.3.15f1 (b58023a2b463)
[Subsystems] Discovering subsystems at path C:/Program Files/Unity/Hub/Editor/2022.3.15f1/Editor/Data/Resources/UnitySubsystems
[Subsystems] Discovering subsystems at path C:/Users/aluno/Documents/Projects/My project/Assets
GfxDevice: creating device client; threaded=0; jobified=0
Direct3D:
    Version:  Direct3D 11.0 [level 11.1]
    Renderer: NVIDIA GeForce RTX 3060 Ti (ID=0x2489)
    Vendor:   NVIDIA
    VRAM:     8038 MB
    Driver:   31.0.15.2824
Initialize mono
Mono path[0] = 'C:/Program Files/Unity/Hub/Editor/2022.3.15f1/Editor/Data/Managed'
Mono path[1] = 'C:/Program Files/Unity/Hub/Editor/2022.3.15f1/Editor/Data/MonoBleedingEdge/lib/mono/unityjit-win32'
Mono config path = 'C:/Program Files/Unity/Hub/Editor/2022.3.15f1/Editor/Data/MonoBleedingEdge/etc'
Using monoOptions --debugger-agent=transport=dt_socket,embedding=1,server=y,suspend=n,address=127.0.0.1:56676
Begin MonoManager ReloadAssembly
Registering precompiled unity dll's ...
Register platform support module: C:/Program Files/Unity/Hub/Editor/2022.3.15f1/Editor/Data/PlaybackEngines/WebGLSupport/UnityEditor.WebGL.Extensions.dll
Register platform support module: C:/Program Files/Unity/Hub/Editor/2022.3.15f1/Editor/Data/PlaybackEngines/WindowsStandaloneSupport/UnityEditor.WindowsStandalone.Extensions.dll
Registered in 0.004708 seconds.
- Loaded All Assemblies, in  0.264 seconds
Native extension for WindowsStandalone target not found
Native extension for WebGL target not found
Mono: successfully reloaded assembly
- Finished resetting the current domain, in  0.198 seconds
Domain Reload Profiling: 461ms
	BeginReloadAssembly (77ms)
		ExecutionOrderSort (0ms)
		DisableScriptedObjects (0ms)
		BackupInstance (0ms)
		ReleaseScriptingObjects (0ms)
		CreateAndSetChildDomain (1ms)
	RebuildCommonClasses (25ms)
	RebuildNativeTypeToScriptingClass (8ms)
	initialDomainReloadingComplete (43ms)
	LoadAllAssembliesAndSetupDomain (110ms)
		LoadAssemblies (76ms)
		RebuildTransferFunctionScriptingTraits (0ms)
		AnalyzeDomain (109ms)
			TypeCache.Refresh (108ms)
				TypeCache.ScanAssembly (98ms)
			ScanForSourceGeneratedMonoScriptInfo (0ms)
			ResolveRequiredComponents (0ms)
	FinalizeReload (198ms)
		ReleaseScriptCaches (0ms)
		RebuildScriptCaches (0ms)
		SetupLoadedEditorAssemblies (157ms)
			LogAssemblyErrors (0ms)
			InitializePlatformSupportModulesInManaged (7ms)
			SetLoadedEditorAssemblies (4ms)
			RefreshPlugins (0ms)
			BeforeProcessingInitializeOnLoad (1ms)
			ProcessInitializeOnLoadAttributes (110ms)
			ProcessInitializeOnLoadMethodAttributes (33ms)
			AfterProcessingInitializeOnLoad (0ms)
			EditorAssembliesLoaded (0ms)
		ExecutionOrderSort2 (0ms)
		AwakeInstancesAfterBackupRestoration (0ms)
========================================================================
Worker process is ready to serve import requests
Begin MonoManager ReloadAssembly
Symbol file LoadedFromMemory is not a mono symbol file
- Loaded All Assemblies, in  0.650 seconds
Refreshing native plugins compatible for Editor in 8.75 ms, found 4 plugins.
Native extension for WindowsStandalone target not found
Native extension for WebGL target not found
Package Manager log level set to [2]
[Package Manager] Server::EnsureServerProcessIsRunning -- launch failed, reason: Unity was launched with the -noUpm command-line argument
[Package Manager] UpmClient::Send -- Unable to send message (not connected to UPM process).
[Package Manager] Cannot connect to Unity Package Manager local server
Mono: successfully reloaded assembly
- Finished resetting the current domain, in  0.805 seconds
Domain Reload Profiling: 1453ms
	BeginReloadAssembly (110ms)
		ExecutionOrderSort (0ms)
		DisableScriptedObjects (4ms)
		BackupInstance (0ms)
		ReleaseScriptingObjects (0ms)
		CreateAndSetChildDomain (16ms)
	RebuildCommonClasses (25ms)
	RebuildNativeTypeToScriptingClass (8ms)
	initialDomainReloadingComplete (34ms)
	LoadAllAssembliesAndSetupDomain (471ms)
		LoadAssemblies (312ms)
		RebuildTransferFunctionScriptingTraits (0ms)
		AnalyzeDomain (222ms)
			TypeCache.Refresh (181ms)
				TypeCache.ScanAssembly (164ms)
			ScanForSourceGeneratedMonoScriptInfo (31ms)
			ResolveRequiredComponents (8ms)
	FinalizeReload (805ms)
		ReleaseScriptCaches (0ms)
		RebuildScriptCaches (0ms)
		SetupLoadedEditorAssemblies (673ms)
			LogAssemblyErrors (0ms)
			InitializePlatformSupportModulesInManaged (5ms)
			SetLoadedEditorAssemblies (3ms)
			RefreshPlugins (0ms)
			BeforeProcessingInitializeOnLoad (75ms)
			ProcessInitializeOnLoadAttributes (436ms)
			ProcessInitializeOnLoadMethodAttributes (151ms)
			AfterProcessingInitializeOnLoad (4ms)
			EditorAssembliesLoaded (0ms)
		ExecutionOrderSort2 (0ms)
		AwakeInstancesAfterBackupRestoration (6ms)
Launched and connected shader compiler UnityShaderCompiler.exe after 0.04 seconds
Refreshing native plugins compatible for Editor in 9.35 ms, found 4 plugins.
Preloading 0 native plugins for Editor in 0.00 ms.
Unloading 6920 Unused Serialized files (Serialized files now loaded: 0)
Unloading 157 unused Assets / (1.0 MB). Loaded Objects now: 7323.
Memory consumption went from 253.8 MB to 252.8 MB.
Total: 7.273400 ms (FindLiveObjects: 0.647100 ms CreateObjectMapping: 0.272200 ms MarkObjects: 5.951100 ms  DeleteObjects: 0.401900 ms)

AssetImportParameters requested are different than current active one (requested -> active):
  custom:container-demuxer-ogg: 62fdf1f143b41e24485cea50d1cbac27 -> 
  custom:framework-win-MediaFoundation: 216162199b28c13a410421893ffa2e32 -> 
  custom:container-muxer-webm: aa71ff27fc2769a1b78a27578f13a17b -> 
  custom:video-decoder-webm-vp8: 9c59270c3fd7afecdb556c50c9e8de78 -> 
  custom:SearchIndexIgnoredProperties: e643bd26f0fe6173181afceb89e7c659 -> 
  custom:AudioImporter_EditorPlatform: d09bf68614088b80899f8185d706f6e7 -> 
  custom:audio-decoder-ogg-vorbis: bf7c407c2cedff20999df2af8eb42d56 -> 
  custom:audio-encoder-webm-vorbis: bf7c407c2cedff20999df2af8eb42d56 -> 
  custom:video-decoder-ogg-theora: a1e56fd34408186e4bbccfd4996cb3dc -> 
  custom:CustomObjectIndexerAttribute: 4d1d7186bcbbfe361de5f0ad951e585c -> 
  custom:container-demuxer-webm: 4f35f7cbe854078d1ac9338744f61a02 -> 
  custom:video-encoder-webm-vp8: eb34c28f22e8b96e1ab97ce403110664 -> 
========================================================================
Received Import Request.
  Time since last request: 1982.066897 seconds.
  path: Assets/Images Raw/1 Tiles/Tile_29.png
  artifactKey: Guid(a3c45811bde2d0245b112135dc376bbb) Importer(815301076,1909f56bfc062723c751e8b465ee728b)
Start importing Assets/Images Raw/1 Tiles/Tile_29.png using Guid(a3c45811bde2d0245b112135dc376bbb) Importer(815301076,1909f56bfc062723c751e8b465ee728b)  -> (artifact id: '67a94268013c92c267b1ff9e45064879') in 0.088096 seconds
Number of updated asset objects reloaded before import = 0
Number of asset objects unloaded after import = 3
========================================================================
Received Import Request.
  Time since last request: 0.000027 seconds.
  path: Assets/Images Raw/1 Tiles/Tile_42.png
  artifactKey: Guid(41b394b912b8103459e92c83b6b560ce) Importer(815301076,1909f56bfc062723c751e8b465ee728b)
Start importing Assets/Images Raw/1 Tiles/Tile_42.png using Guid(41b394b912b8103459e92c83b6b560ce) Importer(815301076,1909f56bfc062723c751e8b465ee728b)  -> (artifact id: 'ef803cdd31b52828ad2f6bee22dd6b43') in 0.011646 seconds
Number of updated asset objects reloaded before import = 0
Number of asset objects unloaded after import = 3
========================================================================
Received Import Request.
  Time since last request: 0.000022 seconds.
  path: Assets/Images Raw/1 Tiles/Tile_45.png
  artifactKey: Guid(186ec471ec579b94bab77b911451175c) Importer(815301076,1909f56bfc062723c751e8b465ee728b)
Start importing Assets/Images Raw/1 Tiles/Tile_45.png using Guid(186ec471ec579b94bab77b911451175c) Importer(815301076,1909f56bfc062723c751e8b465ee728b)  -> (artifact id: 'fd5df45a4cec4af85e90b4cf9eecfd02') in 0.011209 seconds
Number of updated asset objects reloaded before import = 0
Number of asset objects unloaded after import = 3
========================================================================
Received Import Request.
  Time since last request: 0.225905 seconds.
  path: Assets/Images Raw/1 Tiles/Tile_47.png
  artifactKey: Guid(33f7ac8499687b749a0f701cf4686d4d) Importer(815301076,1909f56bfc062723c751e8b465ee728b)
Start importing Assets/Images Raw/1 Tiles/Tile_47.png using Guid(33f7ac8499687b749a0f701cf4686d4d) Importer(815301076,1909f56bfc062723c751e8b465ee728b)  -> (artifact id: '7454b20699adf4f6e0306d829087dbea') in 0.013785 seconds
Number of updated asset objects reloaded before import = 0
Number of asset objects unloaded after import = 3
========================================================================
Received Import Request.
  Time since last request: 0.000014 seconds.
  path: Assets/Images Raw/1 Tiles/Tile_53.png
  artifactKey: Guid(d23add36328d445429ff5fa949422340) Importer(815301076,1909f56bfc062723c751e8b465ee728b)
Start importing Assets/Images Raw/1 Tiles/Tile_53.png using Guid(d23add36328d445429ff5fa949422340) Importer(815301076,1909f56bfc062723c751e8b465ee728b)  -> (artifact id: 'a7cd2f7aac37de003cebe52e1ff55ad4') in 0.013796 seconds
Number of updated asset objects reloaded before import = 0
Number of asset objects unloaded after import = 3
========================================================================
Received Import Request.
  Time since last request: 0.000017 seconds.
  path: Assets/Images Raw/1 Tiles/Tile_51.png
  artifactKey: Guid(e405b5a9fe67aa84a84caac4c39b45e9) Importer(815301076,1909f56bfc062723c751e8b465ee728b)
Start importing Assets/Images Raw/1 Tiles/Tile_51.png using Guid(e405b5a9fe67aa84a84caac4c39b45e9) Importer(815301076,1909f56bfc062723c751e8b465ee728b)  -> (artifact id: 'dcab0f0c41022f5663510ad5bc8abd1e') in 0.009603 seconds
Number of updated asset objects reloaded before import = 0
Number of asset objects unloaded after import = 3
========================================================================
Received Import Request.
  Time since last request: 0.000022 seconds.
  path: Assets/Images Raw/1 Tiles/Tile_59.png
  artifactKey: Guid(d637f1c5fe4b07249ab89c0799625ad4) Importer(815301076,1909f56bfc062723c751e8b465ee728b)
Start importing Assets/Images Raw/1 Tiles/Tile_59.png using Guid(d637f1c5fe4b07249ab89c0799625ad4) Importer(815301076,1909f56bfc062723c751e8b465ee728b)  -> (artifact id: 'fbf23bf845cdabb14bd7cc1d97fef456') in 0.016216 seconds
Number of updated asset objects reloaded before import = 0
Number of asset objects unloaded after import = 3
========================================================================
Received Import Request.
  Time since last request: 60.392821 seconds.
  path: Assets/Images Raw/1 Tiles/Rectangular Palette.prefab
  artifactKey: Guid(1ab1ab1b1482ab7409e489b5f8abda82) Importer(815301076,1909f56bfc062723c751e8b465ee728b)
Start importing Assets/Images Raw/1 Tiles/Rectangular Palette.prefab using Guid(1ab1ab1b1482ab7409e489b5f8abda82) Importer(815301076,1909f56bfc062723c751e8b465ee728b)  -> (artifact id: 'fb6e982c9ea6bff1d9c73075b81bd711') in 0.163299 seconds
Number of updated asset objects reloaded before import = 0
Number of asset objects unloaded after import = 12
========================================================================
Received Import Request.
  Time since last request: 16.575044 seconds.
  path: Assets/Images Raw/1 Tiles/Rectangular Palette 1.prefab
  artifactKey: Guid(8062452b41ab7864fa2068e41bbcf2ef) Importer(815301076,1909f56bfc062723c751e8b465ee728b)
Start importing Assets/Images Raw/1 Tiles/Rectangular Palette 1.prefab using Guid(8062452b41ab7864fa2068e41bbcf2ef) Importer(815301076,1909f56bfc062723c751e8b465ee728b)  -> (artifact id: '1618b5f62218446a5af1baae89323dd0') in 0.005853 seconds
Number of updated asset objects reloaded before import = 0
Number of asset objects unloaded after import = 11
========================================================================
Received Import Request.
  Time since last request: 86.333861 seconds.
  path: Assets/Images Raw/1 Tiles/1.prefab
  artifactKey: Guid(d22697a601c32144b80bbfd3408ffc2f) Importer(815301076,1909f56bfc062723c751e8b465ee728b)
Start importing Assets/Images Raw/1 Tiles/1.prefab using Guid(d22697a601c32144b80bbfd3408ffc2f) Importer(815301076,1909f56bfc062723c751e8b465ee728b)  -> (artifact id: '0d9d96d431266a21f1622a68957ada69') in 0.006815 seconds
Number of updated asset objects reloaded before import = 0
Number of asset objects unloaded after import = 11
========================================================================
Received Import Request.
  Time since last request: 15.537779 seconds.
  path: Assets/Images Raw/1 Tiles/Tile_23.asset
  artifactKey: Guid(56743c15e1dcbb74290e4c441bffed0c) Importer(815301076,1909f56bfc062723c751e8b465ee728b)
Start importing Assets/Images Raw/1 Tiles/Tile_23.asset using Guid(56743c15e1dcbb74290e4c441bffed0c) Importer(815301076,1909f56bfc062723c751e8b465ee728b)  -> (artifact id: 'e28308c87c76a08bba0079df5f325d0e') in 0.073990 seconds
Number of updated asset objects reloaded before import = 0
Number of asset objects unloaded after import = 3
========================================================================
Received Import Request.
  Time since last request: 0.000062 seconds.
  path: Assets/Images Raw/1 Tiles/Tile_34.asset
  artifactKey: Guid(bdffc4eb045e2b44b8875d5183d60eb5) Importer(815301076,1909f56bfc062723c751e8b465ee728b)
Start importing Assets/Images Raw/1 Tiles/Tile_34.asset using Guid(bdffc4eb045e2b44b8875d5183d60eb5) Importer(815301076,1909f56bfc062723c751e8b465ee728b)  -> (artifact id: '2ea2f9cc8e3e3886b16a1a21ed21b1b1') in 0.006268 seconds
Number of updated asset objects reloaded before import = 0
Number of asset objects unloaded after import = 3
========================================================================
Received Import Request.
  Time since last request: 0.000044 seconds.
  path: Assets/Images Raw/1 Tiles/Tile_26.asset
  artifactKey: Guid(b51a941c00e73d842a4d35a8e88d3f27) Importer(815301076,1909f56bfc062723c751e8b465ee728b)
Start importing Assets/Images Raw/1 Tiles/Tile_26.asset using Guid(b51a941c00e73d842a4d35a8e88d3f27) Importer(815301076,1909f56bfc062723c751e8b465ee728b)  -> (artifact id: 'b2c23ef36a42d2d30050af7556cedc45') in 0.006299 seconds
Number of updated asset objects reloaded before import = 0
Number of asset objects unloaded after import = 3
========================================================================
Received Import Request.
  Time since last request: 0.000046 seconds.
  path: Assets/Images Raw/1 Tiles/Tile_32.asset
  artifactKey: Guid(095534f8d96cef846a8ed76eca9d6fb8) Importer(815301076,1909f56bfc062723c751e8b465ee728b)
Start importing Assets/Images Raw/1 Tiles/Tile_32.asset using Guid(095534f8d96cef846a8ed76eca9d6fb8) Importer(815301076,1909f56bfc062723c751e8b465ee728b)  -> (artifact id: 'e59c9ec594a57d72bc75dd988c7d66f1') in 0.004834 seconds
Number of updated asset objects reloaded before import = 0
Number of asset objects unloaded after import = 3
========================================================================
Received Import Request.
  Time since last request: 0.000037 seconds.
  path: Assets/Images Raw/1 Tiles/Tile_28.asset
  artifactKey: Guid(835fda9d8eae5984e84c3e86a7ac50f3) Importer(815301076,1909f56bfc062723c751e8b465ee728b)
Start importing Assets/Images Raw/1 Tiles/Tile_28.asset using Guid(835fda9d8eae5984e84c3e86a7ac50f3) Importer(815301076,1909f56bfc062723c751e8b465ee728b)  -> (artifact id: '4325e9bbe0bfe29a4a4fb1a85e578bc0') in 0.004447 seconds
Number of updated asset objects reloaded before import = 0
Number of asset objects unloaded after import = 3
========================================================================
Received Import Request.
  Time since last request: 0.000034 seconds.
  path: Assets/Images Raw/1 Tiles/Tile_36.asset
  artifactKey: Guid(7d315d8ee46b3334884654c32f2f9f96) Importer(815301076,1909f56bfc062723c751e8b465ee728b)
Start importing Assets/Images Raw/1 Tiles/Tile_36.asset using Guid(7d315d8ee46b3334884654c32f2f9f96) Importer(815301076,1909f56bfc062723c751e8b465ee728b)  -> (artifact id: '80b85e273a073378574dde04ee25f6b2') in 0.005380 seconds
Number of updated asset objects reloaded before import = 0
Number of asset objects unloaded after import = 3
========================================================================
Received Import Request.
  Time since last request: 0.000042 seconds.
  path: Assets/Images Raw/1 Tiles/Tile_35.asset
  artifactKey: Guid(318d24554ab015048b9db487a54af331) Importer(815301076,1909f56bfc062723c751e8b465ee728b)
Start importing Assets/Images Raw/1 Tiles/Tile_35.asset using Guid(318d24554ab015048b9db487a54af331) Importer(815301076,1909f56bfc062723c751e8b465ee728b)  -> (artifact id: 'cc94a596d8a189435f77e46d9d023c19') in 0.004371 seconds
Number of updated asset objects reloaded before import = 0
Number of asset objects unloaded after import = 3
========================================================================
Received Import Request.
  Time since last request: 0.926805 seconds.
  path: Assets/Images Raw/1 Tiles/Tile_37.asset
  artifactKey: Guid(d43d48b75a2faf846bb26fa1b655ac63) Importer(815301076,1909f56bfc062723c751e8b465ee728b)
Start importing Assets/Images Raw/1 Tiles/Tile_37.asset using Guid(d43d48b75a2faf846bb26fa1b655ac63) Importer(815301076,1909f56bfc062723c751e8b465ee728b)  -> (artifact id: '5a4e5188833a12461996bdf56bf0ad46') in 0.005414 seconds
Number of updated asset objects reloaded before import = 0
Number of asset objects unloaded after import = 3
========================================================================
Received Import Request.
  Time since last request: 0.000034 seconds.
  path: Assets/Images Raw/1 Tiles/Tile_40.asset
  artifactKey: Guid(5fd6b9fc1e5b434418db9509c69ad5d1) Importer(815301076,1909f56bfc062723c751e8b465ee728b)
Start importing Assets/Images Raw/1 Tiles/Tile_40.asset using Guid(5fd6b9fc1e5b434418db9509c69ad5d1) Importer(815301076,1909f56bfc062723c751e8b465ee728b)  -> (artifact id: 'baf1f80cf125064cdbd063e3de8719ff') in 0.005943 seconds
Number of updated asset objects reloaded before import = 0
Number of asset objects unloaded after import = 3
========================================================================
Received Import Request.
  Time since last request: 0.174819 seconds.
  path: Assets/Images Raw/1 Tiles/Tile_42.asset
  artifactKey: Guid(bc75087669d5dbe4593067d9779e1f37) Importer(815301076,1909f56bfc062723c751e8b465ee728b)
Start importing Assets/Images Raw/1 Tiles/Tile_42.asset using Guid(bc75087669d5dbe4593067d9779e1f37) Importer(815301076,1909f56bfc062723c751e8b465ee728b)  -> (artifact id: 'aa99da8896d0189f434afa7eff185b62') in 0.005428 seconds
Number of updated asset objects reloaded before import = 0
Number of asset objects unloaded after import = 3
========================================================================
Received Import Request.
  Time since last request: 0.000019 seconds.
  path: Assets/Images Raw/1 Tiles/Tile_45.asset
  artifactKey: Guid(10d835492b8836f4590157ffe838347c) Importer(815301076,1909f56bfc062723c751e8b465ee728b)
Start importing Assets/Images Raw/1 Tiles/Tile_45.asset using Guid(10d835492b8836f4590157ffe838347c) Importer(815301076,1909f56bfc062723c751e8b465ee728b)  -> (artifact id: 'b4dedcf2c1de03c240d02fd8e194544d') in 0.004996 seconds
Number of updated asset objects reloaded before import = 0
Number of asset objects unloaded after import = 3
========================================================================
Received Import Request.
  Time since last request: 0.161379 seconds.
  path: Assets/Images Raw/1 Tiles/Tile_46.asset
  artifactKey: Guid(d403da4f4f4234f4da48865b721a9e11) Importer(815301076,1909f56bfc062723c751e8b465ee728b)
Start importing Assets/Images Raw/1 Tiles/Tile_46.asset using Guid(d403da4f4f4234f4da48865b721a9e11) Importer(815301076,1909f56bfc062723c751e8b465ee728b)  -> (artifact id: '15b53064cb810bbff15e050f2b3c9512') in 0.004478 seconds
Number of updated asset objects reloaded before import = 0
Number of asset objects unloaded after import = 3
========================================================================
Received Import Request.
  Time since last request: 0.000026 seconds.
  path: Assets/Images Raw/1 Tiles/Tile_48.asset
  artifactKey: Guid(67a512effba44f142aa57bee19c50cc3) Importer(815301076,1909f56bfc062723c751e8b465ee728b)
Start importing Assets/Images Raw/1 Tiles/Tile_48.asset using Guid(67a512effba44f142aa57bee19c50cc3) Importer(815301076,1909f56bfc062723c751e8b465ee728b)  -> (artifact id: '0b588bce2885b20d59afa7e7544d9153') in 0.005251 seconds
Number of updated asset objects reloaded before import = 0
Number of asset objects unloaded after import = 3
========================================================================
Received Import Request.
  Time since last request: 0.042491 seconds.
  path: Assets/Images Raw/1 Tiles/Tile_51.asset
  artifactKey: Guid(3d9a92c58dff2d145957734b92ba80d7) Importer(815301076,1909f56bfc062723c751e8b465ee728b)
Start importing Assets/Images Raw/1 Tiles/Tile_51.asset using Guid(3d9a92c58dff2d145957734b92ba80d7) Importer(815301076,1909f56bfc062723c751e8b465ee728b)  -> (artifact id: '9073b037d6e4024dda1441f7fb494e46') in 0.004365 seconds
Number of updated asset objects reloaded before import = 0
Number of asset objects unloaded after import = 3
========================================================================
Received Import Request.
  Time since last request: 0.000019 seconds.
  path: Assets/Images Raw/1 Tiles/Tile_53.asset
  artifactKey: Guid(6e99ea29fc0ad0241bc5d6927b4dfa4d) Importer(815301076,1909f56bfc062723c751e8b465ee728b)
Start importing Assets/Images Raw/1 Tiles/Tile_53.asset using Guid(6e99ea29fc0ad0241bc5d6927b4dfa4d) Importer(815301076,1909f56bfc062723c751e8b465ee728b)  -> (artifact id: 'be49d1dc34fb035e28a2837b6bea04e0') in 0.004815 seconds
Number of updated asset objects reloaded before import = 0
Number of asset objects unloaded after import = 3
========================================================================
Received Import Request.
  Time since last request: 0.260033 seconds.
  path: Assets/Images Raw/1 Tiles/Tile_55.asset
  artifactKey: Guid(783f262f593ccc447a54fade075c7672) Importer(815301076,1909f56bfc062723c751e8b465ee728b)
Start importing Assets/Images Raw/1 Tiles/Tile_55.asset using Guid(783f262f593ccc447a54fade075c7672) Importer(815301076,1909f56bfc062723c751e8b465ee728b)  -> (artifact id: '769cb80610b5dedd52b0782e68e90591') in 0.005209 seconds
Number of updated asset objects reloaded before import = 0
Number of asset objects unloaded after import = 3
========================================================================
Received Import Request.
  Time since last request: 0.000026 seconds.
  path: Assets/Images Raw/1 Tiles/Tile_58.asset
  artifactKey: Guid(2e3b4ec53f875004882162cbfb719153) Importer(815301076,1909f56bfc062723c751e8b465ee728b)
Start importing Assets/Images Raw/1 Tiles/Tile_58.asset using Guid(2e3b4ec53f875004882162cbfb719153) Importer(815301076,1909f56bfc062723c751e8b465ee728b)  -> (artifact id: '442174be778d2e5deb9d180e878f5229') in 0.004806 seconds
Number of updated asset objects reloaded before import = 0
Number of asset objects unloaded after import = 3
========================================================================
Received Import Request.
  Time since last request: 0.000027 seconds.
  path: Assets/Images Raw/1 Tiles/Tile_60.asset
  artifactKey: Guid(430451342dee0e0488724a26d77e999e) Importer(815301076,1909f56bfc062723c751e8b465ee728b)
Start importing Assets/Images Raw/1 Tiles/Tile_60.asset using Guid(430451342dee0e0488724a26d77e999e) Importer(815301076,1909f56bfc062723c751e8b465ee728b)  -> (artifact id: '8a6a57b589aa85ff55bc0b495092c89f') in 0.004721 seconds
Number of updated asset objects reloaded before import = 0
Number of asset objects unloaded after import = 3
========================================================================
Received Import Request.
  Time since last request: 2.458559 seconds.
  path: Assets/Images Raw/1 Tiles/Tile_19.asset
  artifactKey: Guid(17aeeb61821b0e4479a8229c6a3a0c5a) Importer(815301076,1909f56bfc062723c751e8b465ee728b)
Start importing Assets/Images Raw/1 Tiles/Tile_19.asset using Guid(17aeeb61821b0e4479a8229c6a3a0c5a) Importer(815301076,1909f56bfc062723c751e8b465ee728b)  -> (artifact id: 'a5eff789e7151a62de4fcf6766ac0004') in 0.006619 seconds
Number of updated asset objects reloaded before import = 0
Number of asset objects unloaded after import = 3
========================================================================
Received Import Request.
  Time since last request: 0.000033 seconds.
  path: Assets/Images Raw/1 Tiles/Tile_21.asset
  artifactKey: Guid(ddca3721cec7c37438d5396179608653) Importer(815301076,1909f56bfc062723c751e8b465ee728b)
Start importing Assets/Images Raw/1 Tiles/Tile_21.asset using Guid(ddca3721cec7c37438d5396179608653) Importer(815301076,1909f56bfc062723c751e8b465ee728b)  -> (artifact id: 'baa10ca8459d0ef9876c200d186b0bcf') in 0.006061 seconds
Number of updated asset objects reloaded before import = 0
Number of asset objects unloaded after import = 3
========================================================================
Received Import Request.
  Time since last request: 0.001575 seconds.
  path: Assets/Images Raw/1 Tiles/Tile_14.asset
  artifactKey: Guid(f85f55026adf5ca4a83cf464c92364dc) Importer(815301076,1909f56bfc062723c751e8b465ee728b)
Start importing Assets/Images Raw/1 Tiles/Tile_14.asset using Guid(f85f55026adf5ca4a83cf464c92364dc) Importer(815301076,1909f56bfc062723c751e8b465ee728b)  -> (artifact id: 'feb090890b13b1dbebffe2b49d4582e6') in 0.006722 seconds
Number of updated asset objects reloaded before import = 0
Number of asset objects unloaded after import = 3
========================================================================
Received Import Request.
  Time since last request: 0.000042 seconds.
  path: Assets/Images Raw/1 Tiles/Tile_18.asset
  artifactKey: Guid(7bf59bc95a3029c40b634be3074a5b67) Importer(815301076,1909f56bfc062723c751e8b465ee728b)
Start importing Assets/Images Raw/1 Tiles/Tile_18.asset using Guid(7bf59bc95a3029c40b634be3074a5b67) Importer(815301076,1909f56bfc062723c751e8b465ee728b)  -> (artifact id: '5673f3579aadf2a0ddab9c604894f5fd') in 0.005733 seconds
Number of updated asset objects reloaded before import = 0
Number of asset objects unloaded after import = 3
========================================================================
Received Import Request.
  Time since last request: 0.000035 seconds.
  path: Assets/Images Raw/1 Tiles/Tile_12.asset
  artifactKey: Guid(133a3150521a474419143ef2a0744b7d) Importer(815301076,1909f56bfc062723c751e8b465ee728b)
Start importing Assets/Images Raw/1 Tiles/Tile_12.asset using Guid(133a3150521a474419143ef2a0744b7d) Importer(815301076,1909f56bfc062723c751e8b465ee728b)  -> (artifact id: '79365dcad55ba6248df394fcc5032851') in 0.006115 seconds
Number of updated asset objects reloaded before import = 0
Number of asset objects unloaded after import = 3
========================================================================
Received Import Request.
  Time since last request: 0.000038 seconds.
  path: Assets/Images Raw/1 Tiles/Tile_10.asset
  artifactKey: Guid(52d282cae4ca8f34da1030d0c3ab7160) Importer(815301076,1909f56bfc062723c751e8b465ee728b)
Start importing Assets/Images Raw/1 Tiles/Tile_10.asset using Guid(52d282cae4ca8f34da1030d0c3ab7160) Importer(815301076,1909f56bfc062723c751e8b465ee728b)  -> (artifact id: 'eafc816e8eb1a18be8fc12aa3c9165cd') in 0.006607 seconds
Number of updated asset objects reloaded before import = 0
Number of asset objects unloaded after import = 3
========================================================================
Received Import Request.
  Time since last request: 0.000028 seconds.
  path: Assets/Images Raw/1 Tiles/Tile_08.asset
  artifactKey: Guid(7f32cb9a4902a5243a5903c906a7d49a) Importer(815301076,1909f56bfc062723c751e8b465ee728b)
Start importing Assets/Images Raw/1 Tiles/Tile_08.asset using Guid(7f32cb9a4902a5243a5903c906a7d49a) Importer(815301076,1909f56bfc062723c751e8b465ee728b)  -> (artifact id: '8ac80cd787522a42b07e9661b5476788') in 0.005413 seconds
Number of updated asset objects reloaded before import = 0
Number of asset objects unloaded after import = 3
========================================================================
Received Import Request.
  Time since last request: 0.000023 seconds.
  path: Assets/Images Raw/1 Tiles/Tile_09.asset
  artifactKey: Guid(83fe50809d31d2344a6256de9d5939d1) Importer(815301076,1909f56bfc062723c751e8b465ee728b)
Start importing Assets/Images Raw/1 Tiles/Tile_09.asset using Guid(83fe50809d31d2344a6256de9d5939d1) Importer(815301076,1909f56bfc062723c751e8b465ee728b)  -> (artifact id: '23b1266e8bf4462f0fc544bbd2c6ec55') in 0.005814 seconds
Number of updated asset objects reloaded before import = 0
Number of asset objects unloaded after import = 3
========================================================================
Received Import Request.
  Time since last request: 0.000034 seconds.
  path: Assets/Images Raw/1 Tiles/Tile_17.asset
  artifactKey: Guid(c1aff8c58b5ee684fa2b0997e90caa73) Importer(815301076,1909f56bfc062723c751e8b465ee728b)
Start importing Assets/Images Raw/1 Tiles/Tile_17.asset using Guid(c1aff8c58b5ee684fa2b0997e90caa73) Importer(815301076,1909f56bfc062723c751e8b465ee728b)  -> (artifact id: '275c5d3fab03c5151e2aac00e69210a0') in 0.005478 seconds
Number of updated asset objects reloaded before import = 0
Number of asset objects unloaded after import = 3
========================================================================
Received Import Request.
  Time since last request: 0.182911 seconds.
  path: Assets/Images Raw/1 Tiles/1.prefab
  artifactKey: Guid(d22697a601c32144b80bbfd3408ffc2f) Importer(815301076,1909f56bfc062723c751e8b465ee728b)
Start importing Assets/Images Raw/1 Tiles/1.prefab using Guid(d22697a601c32144b80bbfd3408ffc2f) Importer(815301076,1909f56bfc062723c751e8b465ee728b)  -> (artifact id: 'bfc1b534a00f1cc554064c6aae5f4a78') in 0.044035 seconds
Number of updated asset objects reloaded before import = 0
Number of asset objects unloaded after import = 191
Editor requested this worker to shutdown with reason: Scaling down because of idle timeout
TcpMessagingSession - receive error: operation aborted. errorcode: 995, details: The I/O operation has been aborted because of either a thread exit or an application request.
AssetImportWorker is now disconnected from the server
Process exiting
Exiting without the bug reporter. Application will terminate with return code 0