Using pre-set license
Built from '2022.3/staging' branch; Version is '2022.3.15f1 (b58023a2b463) revision 11894819'; Using compiler version '192829333'; Build Type 'Release'
OS: 'Windows 11  (10.0.22631) 64bit Professional' Language: 'en' Physical Memory: 16221 MB
BatchMode: 1, IsHumanControllingUs: 0, StartBugReporterOnCrash: 0, Is64bit: 1, IsPro: 1

COMMAND LINE ARGUMENTS:
C:\Program Files\Unity\Hub\Editor\2022.3.15f1\Editor\Unity.exe
-adb2
-batchMode
-noUpm
-name
AssetImportWorker2
-projectPath
C:/Users/aluno/Documents/Projects/My project
-logFile
Logs/AssetImportWorker2.log
-srvPort
55476
Successfully changed project path to: C:/Users/aluno/Documents/Projects/My project
C:/Users/aluno/Documents/Projects/My project
[UnityMemory] Configuration Parameters - Can be set up in boot.config
    "memorysetup-bucket-allocator-granularity=16"
    "memorysetup-bucket-allocator-bucket-count=8"
    "memorysetup-bucket-allocator-block-size=33554432"
    "memorysetup-bucket-allocator-block-count=8"
    "memorysetup-main-allocator-block-size=16777216"
    "memorysetup-thread-allocator-block-size=16777216"
    "memorysetup-gfx-main-allocator-block-size=16777216"
    "memorysetup-gfx-thread-allocator-block-size=16777216"
    "memorysetup-cache-allocator-block-size=4194304"
    "memorysetup-typetree-allocator-block-size=2097152"
    "memorysetup-profiler-bucket-allocator-granularity=16"
    "memorysetup-profiler-bucket-allocator-bucket-count=8"
    "memorysetup-profiler-bucket-allocator-block-size=33554432"
    "memorysetup-profiler-bucket-allocator-block-count=8"
    "memorysetup-profiler-allocator-block-size=16777216"
    "memorysetup-profiler-editor-allocator-block-size=1048576"
    "memorysetup-temp-allocator-size-main=16777216"
    "memorysetup-job-temp-allocator-block-size=2097152"
    "memorysetup-job-temp-allocator-block-size-background=1048576"
    "memorysetup-job-temp-allocator-reduction-small-platforms=262144"
    "memorysetup-allocator-temp-initial-block-size-main=262144"
    "memorysetup-allocator-temp-initial-block-size-worker=262144"
    "memorysetup-temp-allocator-size-background-worker=32768"
    "memorysetup-temp-allocator-size-job-worker=262144"
    "memorysetup-temp-allocator-size-preload-manager=33554432"
    "memorysetup-temp-allocator-size-nav-mesh-worker=65536"
    "memorysetup-temp-allocator-size-audio-worker=65536"
    "memorysetup-temp-allocator-size-cloud-worker=32768"
    "memorysetup-temp-allocator-size-gi-baking-worker=262144"
    "memorysetup-temp-allocator-size-gfx=262144"
Player connection [12192] Host "[IP] 192.168.1.170 [Port] 0 [Flags] 2 [Guid] 2202750561 [EditorId] 2202750561 [Version] 1048832 [Id] WindowsEditor(7,pc01) [Debug] 1 [PackageName] WindowsEditor [ProjectName] Editor" joined multi-casting on [225.0.0.222:54997]...

Player connection [12192] Host "[IP] 192.168.1.170 [Port] 0 [Flags] 2 [Guid] 2202750561 [EditorId] 2202750561 [Version] 1048832 [Id] WindowsEditor(7,pc01) [Debug] 1 [PackageName] WindowsEditor [ProjectName] Editor" joined alternative multi-casting on [225.0.0.222:34997]...

[Physics::Module] Initialized MultithreadedJobDispatcher with 15 workers.
Refreshing native plugins compatible for Editor in 18.34 ms, found 4 plugins.
Preloading 0 native plugins for Editor in 0.00 ms.
Initialize engine version: 2022.3.15f1 (b58023a2b463)
[Subsystems] Discovering subsystems at path C:/Program Files/Unity/Hub/Editor/2022.3.15f1/Editor/Data/Resources/UnitySubsystems
[Subsystems] Discovering subsystems at path C:/Users/aluno/Documents/Projects/My project/Assets
GfxDevice: creating device client; threaded=0; jobified=0
Direct3D:
    Version:  Direct3D 11.0 [level 11.1]
    Renderer: NVIDIA GeForce RTX 3060 Ti (ID=0x2489)
    Vendor:   NVIDIA
    VRAM:     8038 MB
    Driver:   31.0.15.2824
Initialize mono
Mono path[0] = 'C:/Program Files/Unity/Hub/Editor/2022.3.15f1/Editor/Data/Managed'
Mono path[1] = 'C:/Program Files/Unity/Hub/Editor/2022.3.15f1/Editor/Data/MonoBleedingEdge/lib/mono/unityjit-win32'
Mono config path = 'C:/Program Files/Unity/Hub/Editor/2022.3.15f1/Editor/Data/MonoBleedingEdge/etc'
Using monoOptions --debugger-agent=transport=dt_socket,embedding=1,server=y,suspend=n,address=127.0.0.1:56476
Begin MonoManager ReloadAssembly
Registering precompiled unity dll's ...
Register platform support module: C:/Program Files/Unity/Hub/Editor/2022.3.15f1/Editor/Data/PlaybackEngines/WebGLSupport/UnityEditor.WebGL.Extensions.dll
Register platform support module: C:/Program Files/Unity/Hub/Editor/2022.3.15f1/Editor/Data/PlaybackEngines/WindowsStandaloneSupport/UnityEditor.WindowsStandalone.Extensions.dll
Registered in 0.006750 seconds.
- Loaded All Assemblies, in  0.277 seconds
Native extension for WindowsStandalone target not found
Native extension for WebGL target not found
Mono: successfully reloaded assembly
- Finished resetting the current domain, in  0.194 seconds
Domain Reload Profiling: 470ms
	BeginReloadAssembly (86ms)
		ExecutionOrderSort (0ms)
		DisableScriptedObjects (0ms)
		BackupInstance (0ms)
		ReleaseScriptingObjects (0ms)
		CreateAndSetChildDomain (1ms)
	RebuildCommonClasses (24ms)
	RebuildNativeTypeToScriptingClass (8ms)
	initialDomainReloadingComplete (43ms)
	LoadAllAssembliesAndSetupDomain (114ms)
		LoadAssemblies (83ms)
		RebuildTransferFunctionScriptingTraits (0ms)
		AnalyzeDomain (112ms)
			TypeCache.Refresh (111ms)
				TypeCache.ScanAssembly (100ms)
			ScanForSourceGeneratedMonoScriptInfo (0ms)
			ResolveRequiredComponents (0ms)
	FinalizeReload (194ms)
		ReleaseScriptCaches (0ms)
		RebuildScriptCaches (0ms)
		SetupLoadedEditorAssemblies (154ms)
			LogAssemblyErrors (0ms)
			InitializePlatformSupportModulesInManaged (7ms)
			SetLoadedEditorAssemblies (5ms)
			RefreshPlugins (0ms)
			BeforeProcessingInitializeOnLoad (2ms)
			ProcessInitializeOnLoadAttributes (107ms)
			ProcessInitializeOnLoadMethodAttributes (34ms)
			AfterProcessingInitializeOnLoad (0ms)
			EditorAssembliesLoaded (0ms)
		ExecutionOrderSort2 (0ms)
		AwakeInstancesAfterBackupRestoration (0ms)
========================================================================
Worker process is ready to serve import requests
Begin MonoManager ReloadAssembly
Symbol file LoadedFromMemory is not a mono symbol file
- Loaded All Assemblies, in  0.631 seconds
Refreshing native plugins compatible for Editor in 9.27 ms, found 4 plugins.
Native extension for WindowsStandalone target not found
Native extension for WebGL target not found
Package Manager log level set to [2]
[Package Manager] Server::EnsureServerProcessIsRunning -- launch failed, reason: Unity was launched with the -noUpm command-line argument
[Package Manager] UpmClient::Send -- Unable to send message (not connected to UPM process).
[Package Manager] Cannot connect to Unity Package Manager local server
Mono: successfully reloaded assembly
- Finished resetting the current domain, in  0.843 seconds
Domain Reload Profiling: 1470ms
	BeginReloadAssembly (114ms)
		ExecutionOrderSort (0ms)
		DisableScriptedObjects (4ms)
		BackupInstance (0ms)
		ReleaseScriptingObjects (0ms)
		CreateAndSetChildDomain (17ms)
	RebuildCommonClasses (24ms)
	RebuildNativeTypeToScriptingClass (8ms)
	initialDomainReloadingComplete (32ms)
	LoadAllAssembliesAndSetupDomain (448ms)
		LoadAssemblies (324ms)
		RebuildTransferFunctionScriptingTraits (0ms)
		AnalyzeDomain (192ms)
			TypeCache.Refresh (155ms)
				TypeCache.ScanAssembly (137ms)
			ScanForSourceGeneratedMonoScriptInfo (28ms)
			ResolveRequiredComponents (8ms)
	FinalizeReload (843ms)
		ReleaseScriptCaches (0ms)
		RebuildScriptCaches (0ms)
		SetupLoadedEditorAssemblies (706ms)
			LogAssemblyErrors (0ms)
			InitializePlatformSupportModulesInManaged (5ms)
			SetLoadedEditorAssemblies (3ms)
			RefreshPlugins (0ms)
			BeforeProcessingInitializeOnLoad (84ms)
			ProcessInitializeOnLoadAttributes (470ms)
			ProcessInitializeOnLoadMethodAttributes (138ms)
			AfterProcessingInitializeOnLoad (4ms)
			EditorAssembliesLoaded (0ms)
		ExecutionOrderSort2 (0ms)
		AwakeInstancesAfterBackupRestoration (4ms)
Launched and connected shader compiler UnityShaderCompiler.exe after 0.04 seconds
Refreshing native plugins compatible for Editor in 11.57 ms, found 4 plugins.
Preloading 0 native plugins for Editor in 0.00 ms.
Unloading 6920 Unused Serialized files (Serialized files now loaded: 0)
Unloading 157 unused Assets / (1.0 MB). Loaded Objects now: 7323.
Memory consumption went from 248.8 MB to 247.8 MB.
Total: 6.847800 ms (FindLiveObjects: 0.545600 ms CreateObjectMapping: 0.302500 ms MarkObjects: 5.605900 ms  DeleteObjects: 0.392800 ms)

AssetImportParameters requested are different than current active one (requested -> active):
  custom:container-demuxer-ogg: 62fdf1f143b41e24485cea50d1cbac27 -> 
  custom:framework-win-MediaFoundation: 216162199b28c13a410421893ffa2e32 -> 
  custom:container-muxer-webm: aa71ff27fc2769a1b78a27578f13a17b -> 
  custom:video-decoder-webm-vp8: 9c59270c3fd7afecdb556c50c9e8de78 -> 
  custom:SearchIndexIgnoredProperties: e643bd26f0fe6173181afceb89e7c659 -> 
  custom:AudioImporter_EditorPlatform: d09bf68614088b80899f8185d706f6e7 -> 
  custom:audio-decoder-ogg-vorbis: bf7c407c2cedff20999df2af8eb42d56 -> 
  custom:audio-encoder-webm-vorbis: bf7c407c2cedff20999df2af8eb42d56 -> 
  custom:video-decoder-ogg-theora: a1e56fd34408186e4bbccfd4996cb3dc -> 
  custom:CustomObjectIndexerAttribute: 4d1d7186bcbbfe361de5f0ad951e585c -> 
  custom:container-demuxer-webm: 4f35f7cbe854078d1ac9338744f61a02 -> 
  custom:video-encoder-webm-vp8: eb34c28f22e8b96e1ab97ce403110664 -> 
========================================================================
Received Import Request.
  Time since last request: 1189.291325 seconds.
  path: Packages/com.unity.ai.navigation/EditorResources/Overlay/d_NavigationOverlay@128.png
  artifactKey: Guid(80899a9fbe3d3364eac2c5924c0a28cf) Importer(815301076,1909f56bfc062723c751e8b465ee728b)
Start importing Packages/com.unity.ai.navigation/EditorResources/Overlay/d_NavigationOverlay@128.png using Guid(80899a9fbe3d3364eac2c5924c0a28cf) Importer(815301076,1909f56bfc062723c751e8b465ee728b)  -> (artifact id: '5366585417d17555630866c1b67ed711') in 0.060861 seconds
Number of updated asset objects reloaded before import = 0
Number of asset objects unloaded after import = 2
========================================================================
Received Import Request.
  Time since last request: 0.000016 seconds.
  path: Packages/com.unity.visualscripting/Graphics/FlowPorts_12x.psd
  artifactKey: Guid(cdd996c0455369d40a3c5c465015834f) Importer(815301076,1909f56bfc062723c751e8b465ee728b)
Start importing Packages/com.unity.visualscripting/Graphics/FlowPorts_12x.psd using Guid(cdd996c0455369d40a3c5c465015834f) Importer(815301076,1909f56bfc062723c751e8b465ee728b)  -> (artifact id: 'c2142790cd652f8220a25f5395886c56') in 0.008837 seconds
Number of updated asset objects reloaded before import = 0
Number of asset objects unloaded after import = 2
========================================================================
Received Import Request.
  Time since last request: 0.309116 seconds.
  path: Packages/com.unity.visualscripting/Graphics/Icons_16x_72dpi.psd
  artifactKey: Guid(749d1db079e2d5e4ea440488ee312b04) Importer(815301076,1909f56bfc062723c751e8b465ee728b)
Start importing Packages/com.unity.visualscripting/Graphics/Icons_16x_72dpi.psd using Guid(749d1db079e2d5e4ea440488ee312b04) Importer(815301076,1909f56bfc062723c751e8b465ee728b)  -> (artifact id: '713791be8a8cfef4c51c8409068f1076') in 0.015648 seconds
Number of updated asset objects reloaded before import = 0
Number of asset objects unloaded after import = 2
========================================================================
Received Import Request.
  Time since last request: 0.271518 seconds.
  path: Packages/com.unity.render-pipelines.universal/Textures/FilmGrain/Large01.png
  artifactKey: Guid(fd2fd78b392986e42a12df2177d3b89c) Importer(815301076,1909f56bfc062723c751e8b465ee728b)
Start importing Packages/com.unity.render-pipelines.universal/Textures/FilmGrain/Large01.png using Guid(fd2fd78b392986e42a12df2177d3b89c) Importer(815301076,1909f56bfc062723c751e8b465ee728b)  -> (artifact id: '44ef8c76a901166c7bd8981fbdd1054b') in 0.034896 seconds
Number of updated asset objects reloaded before import = 0
Number of asset objects unloaded after import = 1
========================================================================
Received Import Request.
  Time since last request: 0.011553 seconds.
  path: Packages/com.unity.2d.psdimporter/Editor/Assets/Icons/Dark/Layers Collapsed@16x.png
  artifactKey: Guid(725dea07ef1724145806dfddfe9dee03) Importer(815301076,1909f56bfc062723c751e8b465ee728b)
Start importing Packages/com.unity.2d.psdimporter/Editor/Assets/Icons/Dark/Layers Collapsed@16x.png using Guid(725dea07ef1724145806dfddfe9dee03) Importer(815301076,1909f56bfc062723c751e8b465ee728b)  -> (artifact id: 'b11fbb1937cef82e4203e75d12300749') in 0.023108 seconds
Number of updated asset objects reloaded before import = 0
Number of asset objects unloaded after import = 3
========================================================================
Received Import Request.
  Time since last request: 0.256914 seconds.
  path: Packages/com.unity.2d.psdimporter/Editor/Assets/Icons/Dark/Layers Mixed@16x.png
  artifactKey: Guid(cce85e132a43842a09301fd497983f25) Importer(815301076,1909f56bfc062723c751e8b465ee728b)
Start importing Packages/com.unity.2d.psdimporter/Editor/Assets/Icons/Dark/Layers Mixed@16x.png using Guid(cce85e132a43842a09301fd497983f25) Importer(815301076,1909f56bfc062723c751e8b465ee728b)  -> (artifact id: 'fbb41cf96f8b2b71eacc7834e1044eef') in 0.014251 seconds
Number of updated asset objects reloaded before import = 0
Number of asset objects unloaded after import = 3
========================================================================
Received Import Request.
  Time since last request: 0.014580 seconds.
  path: Packages/com.unity.2d.psdimporter/Editor/Assets/Icons/Selected/Layers Separated@1x.png
  artifactKey: Guid(346d40e23f03e4f48bdda501fffa178a) Importer(815301076,1909f56bfc062723c751e8b465ee728b)
Start importing Packages/com.unity.2d.psdimporter/Editor/Assets/Icons/Selected/Layers Separated@1x.png using Guid(346d40e23f03e4f48bdda501fffa178a) Importer(815301076,1909f56bfc062723c751e8b465ee728b)  -> (artifact id: 'a160b203a0158c454480806180488379') in 0.012855 seconds
Number of updated asset objects reloaded before import = 0
Number of asset objects unloaded after import = 3
========================================================================
Received Import Request.
  Time since last request: 0.018423 seconds.
  path: Packages/com.unity.2d.psdimporter/Editor/Assets/Icons/Selected/Layers Separated@16x.png
  artifactKey: Guid(5e2b00fc2e687454b8c7dcf6cb8226d7) Importer(815301076,1909f56bfc062723c751e8b465ee728b)
Start importing Packages/com.unity.2d.psdimporter/Editor/Assets/Icons/Selected/Layers Separated@16x.png using Guid(5e2b00fc2e687454b8c7dcf6cb8226d7) Importer(815301076,1909f56bfc062723c751e8b465ee728b)  -> (artifact id: '18ca9dc47dfc0a04dce0ecd38c2fed5d') in 0.015572 seconds
Number of updated asset objects reloaded before import = 0
Number of asset objects unloaded after import = 3
========================================================================
Received Import Request.
  Time since last request: 0.723333 seconds.
  path: Packages/com.unity.render-pipelines.universal/Textures/BlueNoise16/L/LDR_LLL1_1.png
  artifactKey: Guid(d50c5e07c9911a74982bddf7f3075e7b) Importer(815301076,1909f56bfc062723c751e8b465ee728b)
Start importing Packages/com.unity.render-pipelines.universal/Textures/BlueNoise16/L/LDR_LLL1_1.png using Guid(d50c5e07c9911a74982bddf7f3075e7b) Importer(815301076,1909f56bfc062723c751e8b465ee728b)  -> (artifact id: '3af3263e4ee979f20f8dc0a7ad38997a') in 0.009822 seconds
Number of updated asset objects reloaded before import = 0
Number of asset objects unloaded after import = 1
========================================================================
Received Import Request.
  Time since last request: 0.000027 seconds.
  path: Packages/com.unity.render-pipelines.universal/Textures/BlueNoise256/LDR_LLL1_3.png
  artifactKey: Guid(cb76dd40fa7654f9587f6a344f125c9a) Importer(815301076,1909f56bfc062723c751e8b465ee728b)
Start importing Packages/com.unity.render-pipelines.universal/Textures/BlueNoise256/LDR_LLL1_3.png using Guid(cb76dd40fa7654f9587f6a344f125c9a) Importer(815301076,1909f56bfc062723c751e8b465ee728b)  -> (artifact id: 'e2c3277b9aeb2c67276c572de2491155') in 0.009713 seconds
Number of updated asset objects reloaded before import = 0
Number of asset objects unloaded after import = 2
========================================================================
Received Import Request.
  Time since last request: 0.000015 seconds.
  path: Packages/com.unity.render-pipelines.universal/Textures/BlueNoise16/L/LDR_LLL1_3.png
  artifactKey: Guid(7ce2118f74614a94aa8a0cdf2e6062c3) Importer(815301076,1909f56bfc062723c751e8b465ee728b)
Start importing Packages/com.unity.render-pipelines.universal/Textures/BlueNoise16/L/LDR_LLL1_3.png using Guid(7ce2118f74614a94aa8a0cdf2e6062c3) Importer(815301076,1909f56bfc062723c751e8b465ee728b)  -> (artifact id: '7fbe2c56392ac265c99f44e5bc498a27') in 0.006380 seconds
Number of updated asset objects reloaded before import = 0
Number of asset objects unloaded after import = 1
========================================================================
Received Import Request.
  Time since last request: 0.028899 seconds.
  path: Packages/com.unity.render-pipelines.universal/Textures/BlueNoise16/L/LDR_LLL1_5.png
  artifactKey: Guid(e63eef8f54aa9dc4da9a5ac094b503b5) Importer(815301076,1909f56bfc062723c751e8b465ee728b)
Start importing Packages/com.unity.render-pipelines.universal/Textures/BlueNoise16/L/LDR_LLL1_5.png using Guid(e63eef8f54aa9dc4da9a5ac094b503b5) Importer(815301076,1909f56bfc062723c751e8b465ee728b)  -> (artifact id: '4b0ae2a0f584de29ce795bda8c62b0c5') in 0.008195 seconds
Number of updated asset objects reloaded before import = 0
Number of asset objects unloaded after import = 1
========================================================================
Received Import Request.
  Time since last request: 0.000018 seconds.
  path: Packages/com.unity.render-pipelines.universal/Textures/BlueNoise16/L/LDR_LLL1_7.png
  artifactKey: Guid(c94ad916058dff743b0f1c969ddbe660) Importer(815301076,1909f56bfc062723c751e8b465ee728b)
Start importing Packages/com.unity.render-pipelines.universal/Textures/BlueNoise16/L/LDR_LLL1_7.png using Guid(c94ad916058dff743b0f1c969ddbe660) Importer(815301076,1909f56bfc062723c751e8b465ee728b)  -> (artifact id: '6530648511dfc28a04f537610bba0440') in 0.008525 seconds
Number of updated asset objects reloaded before import = 0
Number of asset objects unloaded after import = 1
========================================================================
Received Import Request.
  Time since last request: 0.000014 seconds.
  path: Packages/com.unity.render-pipelines.universal/Textures/BlueNoise16/L/LDR_LLL1_10.png
  artifactKey: Guid(96aaab9cc247d0b4c98132159688c1af) Importer(815301076,1909f56bfc062723c751e8b465ee728b)
Start importing Packages/com.unity.render-pipelines.universal/Textures/BlueNoise16/L/LDR_LLL1_10.png using Guid(96aaab9cc247d0b4c98132159688c1af) Importer(815301076,1909f56bfc062723c751e8b465ee728b)  -> (artifact id: '498b57e2405bec7795d9fba24bfe7a0f') in 0.006281 seconds
Number of updated asset objects reloaded before import = 0
Number of asset objects unloaded after import = 1
========================================================================
Received Import Request.
  Time since last request: 0.252220 seconds.
  path: Packages/com.unity.render-pipelines.universal/Textures/BlueNoise16/L/LDR_LLL1_12.png
  artifactKey: Guid(bfed3e498947fcb4890b7f40f54d85b9) Importer(815301076,1909f56bfc062723c751e8b465ee728b)
Start importing Packages/com.unity.render-pipelines.universal/Textures/BlueNoise16/L/LDR_LLL1_12.png using Guid(bfed3e498947fcb4890b7f40f54d85b9) Importer(815301076,1909f56bfc062723c751e8b465ee728b)  -> (artifact id: '67e2bd5dfdffc05d1ef17cff748f2d3e') in 0.010378 seconds
Number of updated asset objects reloaded before import = 0
Number of asset objects unloaded after import = 1
========================================================================
Received Import Request.
  Time since last request: 0.000035 seconds.
  path: Packages/com.unity.render-pipelines.universal/Textures/BlueNoise16/L/LDR_LLL1_16.png
  artifactKey: Guid(9d92991794bb5864c8085468b97aa067) Importer(815301076,1909f56bfc062723c751e8b465ee728b)
Start importing Packages/com.unity.render-pipelines.universal/Textures/BlueNoise16/L/LDR_LLL1_16.png using Guid(9d92991794bb5864c8085468b97aa067) Importer(815301076,1909f56bfc062723c751e8b465ee728b)  -> (artifact id: 'f66dd831d2d805e83b3e30d746a17e0d') in 0.009743 seconds
Number of updated asset objects reloaded before import = 0
Number of asset objects unloaded after import = 1
========================================================================
Received Import Request.
  Time since last request: 0.007615 seconds.
  path: Packages/com.unity.render-pipelines.universal/Textures/BlueNoise16/L/LDR_LLL1_21.png
  artifactKey: Guid(d5c9b274310e5524ebe32a4e4da3df1f) Importer(815301076,1909f56bfc062723c751e8b465ee728b)
Start importing Packages/com.unity.render-pipelines.universal/Textures/BlueNoise16/L/LDR_LLL1_21.png using Guid(d5c9b274310e5524ebe32a4e4da3df1f) Importer(815301076,1909f56bfc062723c751e8b465ee728b)  -> (artifact id: 'a417d5f0204e096643a5489af2ba3bd5') in 0.009014 seconds
Number of updated asset objects reloaded before import = 0
Number of asset objects unloaded after import = 1
========================================================================
Received Import Request.
  Time since last request: 0.000017 seconds.
  path: Packages/com.unity.render-pipelines.universal/Textures/BlueNoise16/L/LDR_LLL1_26.png
  artifactKey: Guid(d18a24d7b4ed50f4387993566d9d3ae2) Importer(815301076,1909f56bfc062723c751e8b465ee728b)
Start importing Packages/com.unity.render-pipelines.universal/Textures/BlueNoise16/L/LDR_LLL1_26.png using Guid(d18a24d7b4ed50f4387993566d9d3ae2) Importer(815301076,1909f56bfc062723c751e8b465ee728b)  -> (artifact id: 'a8dd87b4957f1cec784535b8193cb108') in 0.011413 seconds
Number of updated asset objects reloaded before import = 0
Number of asset objects unloaded after import = 1
========================================================================
Received Import Request.
  Time since last request: 0.188861 seconds.
  path: Packages/com.unity.render-pipelines.universal/Textures/BlueNoise16/L/LDR_LLL1_30.png
  artifactKey: Guid(896d9004736809c4fb5973b7c12eb8b9) Importer(815301076,1909f56bfc062723c751e8b465ee728b)
Start importing Packages/com.unity.render-pipelines.universal/Textures/BlueNoise16/L/LDR_LLL1_30.png using Guid(896d9004736809c4fb5973b7c12eb8b9) Importer(815301076,1909f56bfc062723c751e8b465ee728b)  -> (artifact id: '5207c99a4c8587d88999da3a4c796408') in 0.008708 seconds
Number of updated asset objects reloaded before import = 0
Number of asset objects unloaded after import = 1
========================================================================
Received Import Request.
  Time since last request: 0.028215 seconds.
  path: Packages/com.unity.ai.navigation/EditorResources/Overlay/NavigationOverlay On@16.png
  artifactKey: Guid(1c89fbe185cd30b4584ab3d5476807eb) Importer(815301076,1909f56bfc062723c751e8b465ee728b)
Start importing Packages/com.unity.ai.navigation/EditorResources/Overlay/NavigationOverlay On@16.png using Guid(1c89fbe185cd30b4584ab3d5476807eb) Importer(815301076,1909f56bfc062723c751e8b465ee728b)  -> (artifact id: '0df012f195cb38929416f5913c60943c') in 0.010684 seconds
Number of updated asset objects reloaded before import = 0
Number of asset objects unloaded after import = 2
========================================================================
Received Import Request.
  Time since last request: 0.210741 seconds.
  path: Packages/com.unity.2d.animation/Editor/Assets/EditorIcons/Selected/SetPivot16.png
  artifactKey: Guid(a2e0c70949436438eb2f97e6849191b8) Importer(815301076,1909f56bfc062723c751e8b465ee728b)
Start importing Packages/com.unity.2d.animation/Editor/Assets/EditorIcons/Selected/SetPivot16.png using Guid(a2e0c70949436438eb2f97e6849191b8) Importer(815301076,1909f56bfc062723c751e8b465ee728b)  -> (artifact id: '88bc9c88fd1fc228b1d131e833310268') in 0.010837 seconds
Number of updated asset objects reloaded before import = 0
Number of asset objects unloaded after import = 3
========================================================================
Received Import Request.
  Time since last request: 0.010534 seconds.
  path: Packages/com.unity.2d.animation/Editor/Assets/EditorIcons/Light/SetPivot128.png
  artifactKey: Guid(6e69868210a834182b29ea52c36a0a52) Importer(815301076,1909f56bfc062723c751e8b465ee728b)
Start importing Packages/com.unity.2d.animation/Editor/Assets/EditorIcons/Light/SetPivot128.png using Guid(6e69868210a834182b29ea52c36a0a52) Importer(815301076,1909f56bfc062723c751e8b465ee728b)  -> (artifact id: 'c52529d3da69c80bfaf99a54198c3cd7') in 0.011456 seconds
Number of updated asset objects reloaded before import = 0
Number of asset objects unloaded after import = 3
========================================================================
Received Import Request.
  Time since last request: 0.000017 seconds.
  path: Packages/com.unity.render-pipelines.universal/Textures/FilmGrain/Thin01.png
  artifactKey: Guid(654c582f7f8a5a14dbd7d119cbde215d) Importer(815301076,1909f56bfc062723c751e8b465ee728b)
Start importing Packages/com.unity.render-pipelines.universal/Textures/FilmGrain/Thin01.png using Guid(654c582f7f8a5a14dbd7d119cbde215d) Importer(815301076,1909f56bfc062723c751e8b465ee728b)  -> (artifact id: '2cb1d610ef58f99600fdb29892158fe7') in 0.008418 seconds
Number of updated asset objects reloaded before import = 0
Number of asset objects unloaded after import = 1
========================================================================
Received Import Request.
  Time since last request: 0.214796 seconds.
  path: Packages/com.unity.render-pipelines.core/Runtime/Debugging/Prefabs/Textures/White1px.png
  artifactKey: Guid(127279d577f25ac4ea17dae3782e5074) Importer(815301076,1909f56bfc062723c751e8b465ee728b)
Start importing Packages/com.unity.render-pipelines.core/Runtime/Debugging/Prefabs/Textures/White1px.png using Guid(127279d577f25ac4ea17dae3782e5074) Importer(815301076,1909f56bfc062723c751e8b465ee728b)  -> (artifact id: 'aa9b343f10f17f4281c65b4a39b2a92c') in 0.008554 seconds
Number of updated asset objects reloaded before import = 0
Number of asset objects unloaded after import = 3
========================================================================
Received Import Request.
  Time since last request: 8.181480 seconds.
  path: Packages/com.unity.collab-proxy/Editor/PlasticSCM/Assets/Images/buttonssosigninemail.png
  artifactKey: Guid(d24e7e0b75e1a244bb9687d6fd4315ef) Importer(815301076,1909f56bfc062723c751e8b465ee728b)
Start importing Packages/com.unity.collab-proxy/Editor/PlasticSCM/Assets/Images/buttonssosigninemail.png using Guid(d24e7e0b75e1a244bb9687d6fd4315ef) Importer(815301076,1909f56bfc062723c751e8b465ee728b)  -> (artifact id: 'a18a15460d44f341d2e97a7a21af5737') in 0.009195 seconds
Number of updated asset objects reloaded before import = 0
Number of asset objects unloaded after import = 2
========================================================================
Received Import Request.
  Time since last request: 0.000038 seconds.
  path: Packages/com.unity.collab-proxy/Editor/PlasticSCM/Assets/Images/d_buttonssosigninemail.png
  artifactKey: Guid(3086d66a563317b40a20a20da2c64ac0) Importer(815301076,1909f56bfc062723c751e8b465ee728b)
Start importing Packages/com.unity.collab-proxy/Editor/PlasticSCM/Assets/Images/d_buttonssosigninemail.png using Guid(3086d66a563317b40a20a20da2c64ac0) Importer(815301076,1909f56bfc062723c751e8b465ee728b)  -> (artifact id: '9d552b675f379f88bfaa6eec75b09e3b') in 0.009225 seconds
Number of updated asset objects reloaded before import = 0
Number of asset objects unloaded after import = 2
========================================================================
Received Import Request.
  Time since last request: 1.778884 seconds.
  path: Assets/Scenes/Main.unity
  artifactKey: Guid(202d15a270d92404ba94e319f664802a) Importer(815301076,1909f56bfc062723c751e8b465ee728b)
Start importing Assets/Scenes/Main.unity using Guid(202d15a270d92404ba94e319f664802a) Importer(815301076,1909f56bfc062723c751e8b465ee728b)  -> (artifact id: '511f84d1e1bb37814f447b9e19463f8b') in 0.000652 seconds
Number of updated asset objects reloaded before import = 0
Number of asset objects unloaded after import = 0
========================================================================
Received Prepare
Begin MonoManager ReloadAssembly
Symbol file LoadedFromMemory is not a mono symbol file
- Loaded All Assemblies, in  0.567 seconds
Refreshing native plugins compatible for Editor in 10.83 ms, found 4 plugins.
Native extension for WindowsStandalone target not found
Native extension for WebGL target not found
[Package Manager] Server::EnsureServerProcessIsRunning -- launch failed, reason: Unity was launched with the -noUpm command-line argument
[Package Manager] UpmClient::Send -- Unable to send message (not connected to UPM process).
[Package Manager] Cannot connect to Unity Package Manager local server
Mono: successfully reloaded assembly
- Finished resetting the current domain, in  1.337 seconds
Domain Reload Profiling: 1902ms
	BeginReloadAssembly (178ms)
		ExecutionOrderSort (0ms)
		DisableScriptedObjects (11ms)
		BackupInstance (0ms)
		ReleaseScriptingObjects (0ms)
		CreateAndSetChildDomain (48ms)
	RebuildCommonClasses (28ms)
	RebuildNativeTypeToScriptingClass (9ms)
	initialDomainReloadingComplete (27ms)
	LoadAllAssembliesAndSetupDomain (322ms)
		LoadAssemblies (382ms)
		RebuildTransferFunctionScriptingTraits (0ms)
		AnalyzeDomain (31ms)
			TypeCache.Refresh (13ms)
				TypeCache.ScanAssembly (0ms)
			ScanForSourceGeneratedMonoScriptInfo (0ms)
			ResolveRequiredComponents (16ms)
	FinalizeReload (1338ms)
		ReleaseScriptCaches (0ms)
		RebuildScriptCaches (0ms)
		SetupLoadedEditorAssemblies (651ms)
			LogAssemblyErrors (0ms)
			InitializePlatformSupportModulesInManaged (5ms)
			SetLoadedEditorAssemblies (4ms)
			RefreshPlugins (0ms)
			BeforeProcessingInitializeOnLoad (79ms)
			ProcessInitializeOnLoadAttributes (410ms)
			ProcessInitializeOnLoadMethodAttributes (149ms)
			AfterProcessingInitializeOnLoad (4ms)
			EditorAssembliesLoaded (0ms)
		ExecutionOrderSort2 (0ms)
		AwakeInstancesAfterBackupRestoration (12ms)
Refreshing native plugins compatible for Editor in 12.88 ms, found 4 plugins.
Preloading 0 native plugins for Editor in 0.00 ms.
Unloading 6781 Unused Serialized files (Serialized files now loaded: 0)
Unloading 107 unused Assets / (1.0 MB). Loaded Objects now: 7355.
Memory consumption went from 231.7 MB to 230.8 MB.
Total: 7.198000 ms (FindLiveObjects: 0.601600 ms CreateObjectMapping: 0.345900 ms MarkObjects: 5.803500 ms  DeleteObjects: 0.445900 ms)

Prepare: number of updated asset objects reloaded= 0
AssetImportParameters requested are different than current active one (requested -> active):
  custom:container-demuxer-ogg: 62fdf1f143b41e24485cea50d1cbac27 -> 
  custom:framework-win-MediaFoundation: 216162199b28c13a410421893ffa2e32 -> 
  custom:container-muxer-webm: aa71ff27fc2769a1b78a27578f13a17b -> 
  custom:video-decoder-webm-vp8: 9c59270c3fd7afecdb556c50c9e8de78 -> 
  custom:SearchIndexIgnoredProperties: e643bd26f0fe6173181afceb89e7c659 -> 
  custom:AudioImporter_EditorPlatform: d09bf68614088b80899f8185d706f6e7 -> 
  custom:audio-decoder-ogg-vorbis: bf7c407c2cedff20999df2af8eb42d56 -> 
  custom:audio-encoder-webm-vorbis: bf7c407c2cedff20999df2af8eb42d56 -> 
  custom:video-decoder-ogg-theora: a1e56fd34408186e4bbccfd4996cb3dc -> 
  custom:CustomObjectIndexerAttribute: 4d1d7186bcbbfe361de5f0ad951e585c -> 
  custom:container-demuxer-webm: 4f35f7cbe854078d1ac9338744f61a02 -> 
  custom:video-encoder-webm-vp8: eb34c28f22e8b96e1ab97ce403110664 -> 
========================================================================
Received Prepare
Begin MonoManager ReloadAssembly
Symbol file LoadedFromMemory is not a mono symbol file
- Loaded All Assemblies, in  0.471 seconds
Refreshing native plugins compatible for Editor in 9.17 ms, found 4 plugins.
Native extension for WindowsStandalone target not found
Native extension for WebGL target not found
[Package Manager] Server::EnsureServerProcessIsRunning -- launch failed, reason: Unity was launched with the -noUpm command-line argument
[Package Manager] UpmClient::Send -- Unable to send message (not connected to UPM process).
[Package Manager] Cannot connect to Unity Package Manager local server
Mono: successfully reloaded assembly
- Finished resetting the current domain, in  1.215 seconds
Domain Reload Profiling: 1683ms
	BeginReloadAssembly (161ms)
		ExecutionOrderSort (0ms)
		DisableScriptedObjects (8ms)
		BackupInstance (0ms)
		ReleaseScriptingObjects (0ms)
		CreateAndSetChildDomain (45ms)
	RebuildCommonClasses (35ms)
	RebuildNativeTypeToScriptingClass (9ms)
	initialDomainReloadingComplete (25ms)
	LoadAllAssembliesAndSetupDomain (238ms)
		LoadAssemblies (299ms)
		RebuildTransferFunctionScriptingTraits (0ms)
		AnalyzeDomain (16ms)
			TypeCache.Refresh (6ms)
				TypeCache.ScanAssembly (0ms)
			ScanForSourceGeneratedMonoScriptInfo (0ms)
			ResolveRequiredComponents (9ms)
	FinalizeReload (1215ms)
		ReleaseScriptCaches (0ms)
		RebuildScriptCaches (0ms)
		SetupLoadedEditorAssemblies (609ms)
			LogAssemblyErrors (0ms)
			InitializePlatformSupportModulesInManaged (4ms)
			SetLoadedEditorAssemblies (4ms)
			RefreshPlugins (0ms)
			BeforeProcessingInitializeOnLoad (71ms)
			ProcessInitializeOnLoadAttributes (400ms)
			ProcessInitializeOnLoadMethodAttributes (125ms)
			AfterProcessingInitializeOnLoad (5ms)
			EditorAssembliesLoaded (0ms)
		ExecutionOrderSort2 (0ms)
		AwakeInstancesAfterBackupRestoration (9ms)
Refreshing native plugins compatible for Editor in 10.12 ms, found 4 plugins.
Preloading 0 native plugins for Editor in 0.00 ms.
Unloading 6781 Unused Serialized files (Serialized files now loaded: 0)
Unloading 107 unused Assets / (1.0 MB). Loaded Objects now: 7372.
Memory consumption went from 233.7 MB to 232.7 MB.
Total: 5.958900 ms (FindLiveObjects: 0.399300 ms CreateObjectMapping: 0.217600 ms MarkObjects: 4.973200 ms  DeleteObjects: 0.367900 ms)

Prepare: number of updated asset objects reloaded= 0
AssetImportParameters requested are different than current active one (requested -> active):
  custom:container-demuxer-ogg: 62fdf1f143b41e24485cea50d1cbac27 -> 
  custom:framework-win-MediaFoundation: 216162199b28c13a410421893ffa2e32 -> 
  custom:container-muxer-webm: aa71ff27fc2769a1b78a27578f13a17b -> 
  custom:video-decoder-webm-vp8: 9c59270c3fd7afecdb556c50c9e8de78 -> 
  custom:SearchIndexIgnoredProperties: e643bd26f0fe6173181afceb89e7c659 -> 
  custom:AudioImporter_EditorPlatform: d09bf68614088b80899f8185d706f6e7 -> 
  custom:audio-decoder-ogg-vorbis: bf7c407c2cedff20999df2af8eb42d56 -> 
  custom:audio-encoder-webm-vorbis: bf7c407c2cedff20999df2af8eb42d56 -> 
  custom:video-decoder-ogg-theora: a1e56fd34408186e4bbccfd4996cb3dc -> 
  custom:CustomObjectIndexerAttribute: 4d1d7186bcbbfe361de5f0ad951e585c -> 
  custom:container-demuxer-webm: 4f35f7cbe854078d1ac9338744f61a02 -> 
  custom:video-encoder-webm-vp8: eb34c28f22e8b96e1ab97ce403110664 -> 
========================================================================
Received Prepare
Begin MonoManager ReloadAssembly
Symbol file LoadedFromMemory is not a mono symbol file
- Loaded All Assemblies, in  0.449 seconds
Refreshing native plugins compatible for Editor in 9.03 ms, found 4 plugins.
Native extension for WindowsStandalone target not found
Native extension for WebGL target not found
[Package Manager] Server::EnsureServerProcessIsRunning -- launch failed, reason: Unity was launched with the -noUpm command-line argument
[Package Manager] UpmClient::Send -- Unable to send message (not connected to UPM process).
[Package Manager] Cannot connect to Unity Package Manager local server
Mono: successfully reloaded assembly
- Finished resetting the current domain, in  1.188 seconds
Domain Reload Profiling: 1635ms
	BeginReloadAssembly (143ms)
		ExecutionOrderSort (0ms)
		DisableScriptedObjects (8ms)
		BackupInstance (0ms)
		ReleaseScriptingObjects (0ms)
		CreateAndSetChildDomain (46ms)
	RebuildCommonClasses (26ms)
	RebuildNativeTypeToScriptingClass (9ms)
	initialDomainReloadingComplete (25ms)
	LoadAllAssembliesAndSetupDomain (243ms)
		LoadAssemblies (289ms)
		RebuildTransferFunctionScriptingTraits (0ms)
		AnalyzeDomain (18ms)
			TypeCache.Refresh (6ms)
				TypeCache.ScanAssembly (0ms)
			ScanForSourceGeneratedMonoScriptInfo (0ms)
			ResolveRequiredComponents (11ms)
	FinalizeReload (1189ms)
		ReleaseScriptCaches (0ms)
		RebuildScriptCaches (0ms)
		SetupLoadedEditorAssemblies (590ms)
			LogAssemblyErrors (0ms)
			InitializePlatformSupportModulesInManaged (6ms)
			SetLoadedEditorAssemblies (4ms)
			RefreshPlugins (0ms)
			BeforeProcessingInitializeOnLoad (71ms)
			ProcessInitializeOnLoadAttributes (377ms)
			ProcessInitializeOnLoadMethodAttributes (129ms)
			AfterProcessingInitializeOnLoad (4ms)
			EditorAssembliesLoaded (0ms)
		ExecutionOrderSort2 (0ms)
		AwakeInstancesAfterBackupRestoration (10ms)
Refreshing native plugins compatible for Editor in 10.31 ms, found 4 plugins.
Preloading 0 native plugins for Editor in 0.00 ms.
Unloading 6781 Unused Serialized files (Serialized files now loaded: 0)
Unloading 107 unused Assets / (1.0 MB). Loaded Objects now: 7389.
Memory consumption went from 235.6 MB to 234.7 MB.
Total: 6.289000 ms (FindLiveObjects: 0.527800 ms CreateObjectMapping: 0.234500 ms MarkObjects: 4.988100 ms  DeleteObjects: 0.537600 ms)

Prepare: number of updated asset objects reloaded= 0
AssetImportParameters requested are different than current active one (requested -> active):
  custom:container-demuxer-ogg: 62fdf1f143b41e24485cea50d1cbac27 -> 
  custom:framework-win-MediaFoundation: 216162199b28c13a410421893ffa2e32 -> 
  custom:container-muxer-webm: aa71ff27fc2769a1b78a27578f13a17b -> 
  custom:video-decoder-webm-vp8: 9c59270c3fd7afecdb556c50c9e8de78 -> 
  custom:SearchIndexIgnoredProperties: e643bd26f0fe6173181afceb89e7c659 -> 
  custom:AudioImporter_EditorPlatform: d09bf68614088b80899f8185d706f6e7 -> 
  custom:audio-decoder-ogg-vorbis: bf7c407c2cedff20999df2af8eb42d56 -> 
  custom:audio-encoder-webm-vorbis: bf7c407c2cedff20999df2af8eb42d56 -> 
  custom:video-decoder-ogg-theora: a1e56fd34408186e4bbccfd4996cb3dc -> 
  custom:CustomObjectIndexerAttribute: 4d1d7186bcbbfe361de5f0ad951e585c -> 
  custom:container-demuxer-webm: 4f35f7cbe854078d1ac9338744f61a02 -> 
  custom:video-encoder-webm-vp8: eb34c28f22e8b96e1ab97ce403110664 -> 
========================================================================
Received Prepare
Begin MonoManager ReloadAssembly
Symbol file LoadedFromMemory is not a mono symbol file
- Loaded All Assemblies, in  0.530 seconds
Refreshing native plugins compatible for Editor in 10.23 ms, found 4 plugins.
Native extension for WindowsStandalone target not found
Native extension for WebGL target not found
[Package Manager] Server::EnsureServerProcessIsRunning -- launch failed, reason: Unity was launched with the -noUpm command-line argument
[Package Manager] UpmClient::Send -- Unable to send message (not connected to UPM process).
[Package Manager] Cannot connect to Unity Package Manager local server
Mono: successfully reloaded assembly
- Finished resetting the current domain, in  1.274 seconds
Domain Reload Profiling: 1800ms
	BeginReloadAssembly (159ms)
		ExecutionOrderSort (0ms)
		DisableScriptedObjects (9ms)
		BackupInstance (0ms)
		ReleaseScriptingObjects (0ms)
		CreateAndSetChildDomain (48ms)
	RebuildCommonClasses (29ms)
	RebuildNativeTypeToScriptingClass (10ms)
	initialDomainReloadingComplete (28ms)
	LoadAllAssembliesAndSetupDomain (300ms)
		LoadAssemblies (332ms)
		RebuildTransferFunctionScriptingTraits (0ms)
		AnalyzeDomain (43ms)
			TypeCache.Refresh (14ms)
				TypeCache.ScanAssembly (0ms)
			ScanForSourceGeneratedMonoScriptInfo (20ms)
			ResolveRequiredComponents (9ms)
	FinalizeReload (1274ms)
		ReleaseScriptCaches (0ms)
		RebuildScriptCaches (0ms)
		SetupLoadedEditorAssemblies (642ms)
			LogAssemblyErrors (0ms)
			InitializePlatformSupportModulesInManaged (5ms)
			SetLoadedEditorAssemblies (4ms)
			RefreshPlugins (0ms)
			BeforeProcessingInitializeOnLoad (80ms)
			ProcessInitializeOnLoadAttributes (416ms)
			ProcessInitializeOnLoadMethodAttributes (133ms)
			AfterProcessingInitializeOnLoad (4ms)
			EditorAssembliesLoaded (0ms)
		ExecutionOrderSort2 (0ms)
		AwakeInstancesAfterBackupRestoration (10ms)
Refreshing native plugins compatible for Editor in 9.77 ms, found 4 plugins.
Preloading 0 native plugins for Editor in 0.00 ms.
Unloading 6781 Unused Serialized files (Serialized files now loaded: 0)
Unloading 107 unused Assets / (1.0 MB). Loaded Objects now: 7406.
Memory consumption went from 237.6 MB to 236.6 MB.
Total: 6.089200 ms (FindLiveObjects: 0.455700 ms CreateObjectMapping: 0.211700 ms MarkObjects: 4.959900 ms  DeleteObjects: 0.460900 ms)

Prepare: number of updated asset objects reloaded= 0
AssetImportParameters requested are different than current active one (requested -> active):
  custom:container-demuxer-ogg: 62fdf1f143b41e24485cea50d1cbac27 -> 
  custom:framework-win-MediaFoundation: 216162199b28c13a410421893ffa2e32 -> 
  custom:container-muxer-webm: aa71ff27fc2769a1b78a27578f13a17b -> 
  custom:video-decoder-webm-vp8: 9c59270c3fd7afecdb556c50c9e8de78 -> 
  custom:SearchIndexIgnoredProperties: e643bd26f0fe6173181afceb89e7c659 -> 
  custom:AudioImporter_EditorPlatform: d09bf68614088b80899f8185d706f6e7 -> 
  custom:audio-decoder-ogg-vorbis: bf7c407c2cedff20999df2af8eb42d56 -> 
  custom:audio-encoder-webm-vorbis: bf7c407c2cedff20999df2af8eb42d56 -> 
  custom:video-decoder-ogg-theora: a1e56fd34408186e4bbccfd4996cb3dc -> 
  custom:CustomObjectIndexerAttribute: 4d1d7186bcbbfe361de5f0ad951e585c -> 
  custom:container-demuxer-webm: 4f35f7cbe854078d1ac9338744f61a02 -> 
  custom:video-encoder-webm-vp8: eb34c28f22e8b96e1ab97ce403110664 -> 
========================================================================
Received Prepare
Begin MonoManager ReloadAssembly
Symbol file LoadedFromMemory is not a mono symbol file
- Loaded All Assemblies, in  0.458 seconds
Refreshing native plugins compatible for Editor in 9.05 ms, found 4 plugins.
Native extension for WindowsStandalone target not found
Native extension for WebGL target not found
[Package Manager] Server::EnsureServerProcessIsRunning -- launch failed, reason: Unity was launched with the -noUpm command-line argument
[Package Manager] UpmClient::Send -- Unable to send message (not connected to UPM process).
[Package Manager] Cannot connect to Unity Package Manager local server
Mono: successfully reloaded assembly
- Finished resetting the current domain, in  1.267 seconds
Domain Reload Profiling: 1722ms
	BeginReloadAssembly (143ms)
		ExecutionOrderSort (0ms)
		DisableScriptedObjects (8ms)
		BackupInstance (0ms)
		ReleaseScriptingObjects (0ms)
		CreateAndSetChildDomain (47ms)
	RebuildCommonClasses (24ms)
	RebuildNativeTypeToScriptingClass (8ms)
	initialDomainReloadingComplete (24ms)
	LoadAllAssembliesAndSetupDomain (255ms)
		LoadAssemblies (278ms)
		RebuildTransferFunctionScriptingTraits (0ms)
		AnalyzeDomain (37ms)
			TypeCache.Refresh (11ms)
				TypeCache.ScanAssembly (0ms)
			ScanForSourceGeneratedMonoScriptInfo (17ms)
			ResolveRequiredComponents (8ms)
	FinalizeReload (1267ms)
		ReleaseScriptCaches (0ms)
		RebuildScriptCaches (0ms)
		SetupLoadedEditorAssemblies (659ms)
			LogAssemblyErrors (0ms)
			InitializePlatformSupportModulesInManaged (7ms)
			SetLoadedEditorAssemblies (6ms)
			RefreshPlugins (0ms)
			BeforeProcessingInitializeOnLoad (80ms)
			ProcessInitializeOnLoadAttributes (428ms)
			ProcessInitializeOnLoadMethodAttributes (133ms)
			AfterProcessingInitializeOnLoad (4ms)
			EditorAssembliesLoaded (0ms)
		ExecutionOrderSort2 (0ms)
		AwakeInstancesAfterBackupRestoration (9ms)
Refreshing native plugins compatible for Editor in 9.71 ms, found 4 plugins.
Preloading 0 native plugins for Editor in 0.00 ms.
Unloading 6781 Unused Serialized files (Serialized files now loaded: 0)
Unloading 107 unused Assets / (1.0 MB). Loaded Objects now: 7423.
Memory consumption went from 239.6 MB to 238.6 MB.
Total: 6.539400 ms (FindLiveObjects: 0.398600 ms CreateObjectMapping: 0.215800 ms MarkObjects: 5.375000 ms  DeleteObjects: 0.548800 ms)

Prepare: number of updated asset objects reloaded= 0
AssetImportParameters requested are different than current active one (requested -> active):
  custom:container-demuxer-ogg: 62fdf1f143b41e24485cea50d1cbac27 -> 
  custom:framework-win-MediaFoundation: 216162199b28c13a410421893ffa2e32 -> 
  custom:container-muxer-webm: aa71ff27fc2769a1b78a27578f13a17b -> 
  custom:video-decoder-webm-vp8: 9c59270c3fd7afecdb556c50c9e8de78 -> 
  custom:SearchIndexIgnoredProperties: e643bd26f0fe6173181afceb89e7c659 -> 
  custom:AudioImporter_EditorPlatform: d09bf68614088b80899f8185d706f6e7 -> 
  custom:audio-decoder-ogg-vorbis: bf7c407c2cedff20999df2af8eb42d56 -> 
  custom:audio-encoder-webm-vorbis: bf7c407c2cedff20999df2af8eb42d56 -> 
  custom:video-decoder-ogg-theora: a1e56fd34408186e4bbccfd4996cb3dc -> 
  custom:CustomObjectIndexerAttribute: 4d1d7186bcbbfe361de5f0ad951e585c -> 
  custom:container-demuxer-webm: 4f35f7cbe854078d1ac9338744f61a02 -> 
  custom:video-encoder-webm-vp8: eb34c28f22e8b96e1ab97ce403110664 -> 
========================================================================
Received Prepare
Begin MonoManager ReloadAssembly
Symbol file LoadedFromMemory is not a mono symbol file
- Loaded All Assemblies, in  0.475 seconds
Refreshing native plugins compatible for Editor in 8.68 ms, found 4 plugins.
Native extension for WindowsStandalone target not found
Native extension for WebGL target not found
[Package Manager] Server::EnsureServerProcessIsRunning -- launch failed, reason: Unity was launched with the -noUpm command-line argument
[Package Manager] UpmClient::Send -- Unable to send message (not connected to UPM process).
[Package Manager] Cannot connect to Unity Package Manager local server
Mono: successfully reloaded assembly
- Finished resetting the current domain, in  1.251 seconds
Domain Reload Profiling: 1722ms
	BeginReloadAssembly (137ms)
		ExecutionOrderSort (0ms)
		DisableScriptedObjects (8ms)
		BackupInstance (0ms)
		ReleaseScriptingObjects (0ms)
		CreateAndSetChildDomain (36ms)
	RebuildCommonClasses (34ms)
	RebuildNativeTypeToScriptingClass (8ms)
	initialDomainReloadingComplete (25ms)
	LoadAllAssembliesAndSetupDomain (266ms)
		LoadAssemblies (292ms)
		RebuildTransferFunctionScriptingTraits (0ms)
		AnalyzeDomain (42ms)
			TypeCache.Refresh (9ms)
				TypeCache.ScanAssembly (0ms)
			ScanForSourceGeneratedMonoScriptInfo (24ms)
			ResolveRequiredComponents (8ms)
	FinalizeReload (1251ms)
		ReleaseScriptCaches (0ms)
		RebuildScriptCaches (0ms)
		SetupLoadedEditorAssemblies (644ms)
			LogAssemblyErrors (0ms)
			InitializePlatformSupportModulesInManaged (4ms)
			SetLoadedEditorAssemblies (4ms)
			RefreshPlugins (0ms)
			BeforeProcessingInitializeOnLoad (82ms)
			ProcessInitializeOnLoadAttributes (417ms)
			ProcessInitializeOnLoadMethodAttributes (131ms)
			AfterProcessingInitializeOnLoad (5ms)
			EditorAssembliesLoaded (0ms)
		ExecutionOrderSort2 (0ms)
		AwakeInstancesAfterBackupRestoration (9ms)
Refreshing native plugins compatible for Editor in 9.88 ms, found 4 plugins.
Preloading 0 native plugins for Editor in 0.00 ms.
Unloading 6781 Unused Serialized files (Serialized files now loaded: 0)
Unloading 107 unused Assets / (1.0 MB). Loaded Objects now: 7440.
Memory consumption went from 241.6 MB to 240.6 MB.
Total: 6.183000 ms (FindLiveObjects: 0.419600 ms CreateObjectMapping: 0.224900 ms MarkObjects: 5.169100 ms  DeleteObjects: 0.368000 ms)

Prepare: number of updated asset objects reloaded= 0
AssetImportParameters requested are different than current active one (requested -> active):
  custom:container-demuxer-ogg: 62fdf1f143b41e24485cea50d1cbac27 -> 
  custom:framework-win-MediaFoundation: 216162199b28c13a410421893ffa2e32 -> 
  custom:container-muxer-webm: aa71ff27fc2769a1b78a27578f13a17b -> 
  custom:video-decoder-webm-vp8: 9c59270c3fd7afecdb556c50c9e8de78 -> 
  custom:SearchIndexIgnoredProperties: e643bd26f0fe6173181afceb89e7c659 -> 
  custom:AudioImporter_EditorPlatform: d09bf68614088b80899f8185d706f6e7 -> 
  custom:audio-decoder-ogg-vorbis: bf7c407c2cedff20999df2af8eb42d56 -> 
  custom:audio-encoder-webm-vorbis: bf7c407c2cedff20999df2af8eb42d56 -> 
  custom:video-decoder-ogg-theora: a1e56fd34408186e4bbccfd4996cb3dc -> 
  custom:CustomObjectIndexerAttribute: 4d1d7186bcbbfe361de5f0ad951e585c -> 
  custom:container-demuxer-webm: 4f35f7cbe854078d1ac9338744f61a02 -> 
  custom:video-encoder-webm-vp8: eb34c28f22e8b96e1ab97ce403110664 -> 
========================================================================
Received Prepare
Begin MonoManager ReloadAssembly
Symbol file LoadedFromMemory is not a mono symbol file
- Loaded All Assemblies, in  0.482 seconds
Refreshing native plugins compatible for Editor in 11.89 ms, found 4 plugins.
Native extension for WindowsStandalone target not found
Native extension for WebGL target not found
[Package Manager] Server::EnsureServerProcessIsRunning -- launch failed, reason: Unity was launched with the -noUpm command-line argument
[Package Manager] UpmClient::Send -- Unable to send message (not connected to UPM process).
[Package Manager] Cannot connect to Unity Package Manager local server
Mono: successfully reloaded assembly
- Finished resetting the current domain, in  1.229 seconds
Domain Reload Profiling: 1710ms
	BeginReloadAssembly (144ms)
		ExecutionOrderSort (0ms)
		DisableScriptedObjects (9ms)
		BackupInstance (0ms)
		ReleaseScriptingObjects (0ms)
		CreateAndSetChildDomain (49ms)
	RebuildCommonClasses (26ms)
	RebuildNativeTypeToScriptingClass (16ms)
	initialDomainReloadingComplete (31ms)
	LoadAllAssembliesAndSetupDomain (264ms)
		LoadAssemblies (303ms)
		RebuildTransferFunctionScriptingTraits (0ms)
		AnalyzeDomain (21ms)
			TypeCache.Refresh (9ms)
				TypeCache.ScanAssembly (0ms)
			ScanForSourceGeneratedMonoScriptInfo (0ms)
			ResolveRequiredComponents (11ms)
	FinalizeReload (1231ms)
		ReleaseScriptCaches (0ms)
		RebuildScriptCaches (0ms)
		SetupLoadedEditorAssemblies (604ms)
			LogAssemblyErrors (0ms)
			InitializePlatformSupportModulesInManaged (4ms)
			SetLoadedEditorAssemblies (4ms)
			RefreshPlugins (0ms)
			BeforeProcessingInitializeOnLoad (73ms)
			ProcessInitializeOnLoadAttributes (389ms)
			ProcessInitializeOnLoadMethodAttributes (129ms)
			AfterProcessingInitializeOnLoad (4ms)
			EditorAssembliesLoaded (0ms)
		ExecutionOrderSort2 (0ms)
		AwakeInstancesAfterBackupRestoration (9ms)
Refreshing native plugins compatible for Editor in 8.61 ms, found 4 plugins.
Preloading 0 native plugins for Editor in 0.00 ms.
Unloading 6781 Unused Serialized files (Serialized files now loaded: 0)
Unloading 107 unused Assets / (1.0 MB). Loaded Objects now: 7457.
Memory consumption went from 243.5 MB to 242.5 MB.
Total: 5.742400 ms (FindLiveObjects: 0.470900 ms CreateObjectMapping: 0.210300 ms MarkObjects: 4.728600 ms  DeleteObjects: 0.331700 ms)

Prepare: number of updated asset objects reloaded= 0
AssetImportParameters requested are different than current active one (requested -> active):
  custom:container-demuxer-ogg: 62fdf1f143b41e24485cea50d1cbac27 -> 
  custom:framework-win-MediaFoundation: 216162199b28c13a410421893ffa2e32 -> 
  custom:container-muxer-webm: aa71ff27fc2769a1b78a27578f13a17b -> 
  custom:video-decoder-webm-vp8: 9c59270c3fd7afecdb556c50c9e8de78 -> 
  custom:SearchIndexIgnoredProperties: e643bd26f0fe6173181afceb89e7c659 -> 
  custom:AudioImporter_EditorPlatform: d09bf68614088b80899f8185d706f6e7 -> 
  custom:audio-decoder-ogg-vorbis: bf7c407c2cedff20999df2af8eb42d56 -> 
  custom:audio-encoder-webm-vorbis: bf7c407c2cedff20999df2af8eb42d56 -> 
  custom:video-decoder-ogg-theora: a1e56fd34408186e4bbccfd4996cb3dc -> 
  custom:CustomObjectIndexerAttribute: 4d1d7186bcbbfe361de5f0ad951e585c -> 
  custom:container-demuxer-webm: 4f35f7cbe854078d1ac9338744f61a02 -> 
  custom:video-encoder-webm-vp8: eb34c28f22e8b96e1ab97ce403110664 -> 
========================================================================
Received Import Request.
  Time since last request: 754.717331 seconds.
  path: Assets/Images Raw/1 Tiles
  artifactKey: Guid(362215db2aef8f142be270ad49742b8a) Importer(815301076,1909f56bfc062723c751e8b465ee728b)
Start importing Assets/Images Raw/1 Tiles using Guid(362215db2aef8f142be270ad49742b8a) Importer(815301076,1909f56bfc062723c751e8b465ee728b)  -> (artifact id: 'c3c7170738ae2d83ce64e32b4f09eab7') in 0.004261 seconds
Number of updated asset objects reloaded before import = 0
Number of asset objects unloaded after import = 0
========================================================================
Received Import Request.
  Time since last request: 0.042909 seconds.
  path: Assets/Images Raw/1 Tiles/Tile_01.png
  artifactKey: Guid(941bf63e3689d8f44841b2472cc360da) Importer(815301076,1909f56bfc062723c751e8b465ee728b)
Start importing Assets/Images Raw/1 Tiles/Tile_01.png using Guid(941bf63e3689d8f44841b2472cc360da) Importer(815301076,1909f56bfc062723c751e8b465ee728b)  -> (artifact id: '8197acba2f5a909e33e808649d84cba6') in 0.062513 seconds
Number of updated asset objects reloaded before import = 0
Number of asset objects unloaded after import = 3
========================================================================
Received Import Request.
  Time since last request: 0.000018 seconds.
  path: Assets/Images Raw/1 Tiles/Tile_08.png
  artifactKey: Guid(fb2200955cd1ff74188338a745904536) Importer(815301076,1909f56bfc062723c751e8b465ee728b)
Start importing Assets/Images Raw/1 Tiles/Tile_08.png using Guid(fb2200955cd1ff74188338a745904536) Importer(815301076,1909f56bfc062723c751e8b465ee728b)  -> (artifact id: '4b9c4c11825c474eefb0499363a6f61b') in 0.011656 seconds
Number of updated asset objects reloaded before import = 0
Number of asset objects unloaded after import = 3
========================================================================
Received Import Request.
  Time since last request: 0.000027 seconds.
  path: Assets/Images Raw/1 Tiles/Tile_10.png
  artifactKey: Guid(c2bf263855ddd4b4092133f8e19b86ee) Importer(815301076,1909f56bfc062723c751e8b465ee728b)
Start importing Assets/Images Raw/1 Tiles/Tile_10.png using Guid(c2bf263855ddd4b4092133f8e19b86ee) Importer(815301076,1909f56bfc062723c751e8b465ee728b)  -> (artifact id: 'f6c7f88c1da39441ada5ef50a255ecc3') in 0.013181 seconds
Number of updated asset objects reloaded before import = 0
Number of asset objects unloaded after import = 3
========================================================================
Received Import Request.
  Time since last request: 0.000016 seconds.
  path: Assets/Images Raw/1 Tiles/Tile_26.png
  artifactKey: Guid(264aa57245b96f74d9f1e7a3e0045df0) Importer(815301076,1909f56bfc062723c751e8b465ee728b)
Start importing Assets/Images Raw/1 Tiles/Tile_26.png using Guid(264aa57245b96f74d9f1e7a3e0045df0) Importer(815301076,1909f56bfc062723c751e8b465ee728b)  -> (artifact id: '274433dece230bb0b0eb153b5af59713') in 0.010429 seconds
Number of updated asset objects reloaded before import = 0
Number of asset objects unloaded after import = 3
========================================================================
Received Import Request.
  Time since last request: 0.000012 seconds.
  path: Assets/Images Raw/1 Tiles/Tile_06.png
  artifactKey: Guid(59cfc2ae790e08847a466cba7eccf4a6) Importer(815301076,1909f56bfc062723c751e8b465ee728b)
Start importing Assets/Images Raw/1 Tiles/Tile_06.png using Guid(59cfc2ae790e08847a466cba7eccf4a6) Importer(815301076,1909f56bfc062723c751e8b465ee728b)  -> (artifact id: '7fe0bd0a770896443b35aa80948e4726') in 0.009509 seconds
Number of updated asset objects reloaded before import = 0
Number of asset objects unloaded after import = 3
========================================================================
Received Import Request.
  Time since last request: 0.000028 seconds.
  path: Assets/Images Raw/1 Tiles/Tile_13.png
  artifactKey: Guid(04b588c4b42eb1240a4a085183d2d974) Importer(815301076,1909f56bfc062723c751e8b465ee728b)
Start importing Assets/Images Raw/1 Tiles/Tile_13.png using Guid(04b588c4b42eb1240a4a085183d2d974) Importer(815301076,1909f56bfc062723c751e8b465ee728b)  -> (artifact id: 'a3d94320cb115f73fd6e2ab0361a2307') in 0.014162 seconds
Number of updated asset objects reloaded before import = 0
Number of asset objects unloaded after import = 3
========================================================================
Received Import Request.
  Time since last request: 0.000021 seconds.
  path: Assets/Images Raw/1 Tiles/Tile_07.png
  artifactKey: Guid(c6970a36b105266489efc61c1c3fb085) Importer(815301076,1909f56bfc062723c751e8b465ee728b)
Start importing Assets/Images Raw/1 Tiles/Tile_07.png using Guid(c6970a36b105266489efc61c1c3fb085) Importer(815301076,1909f56bfc062723c751e8b465ee728b)  -> (artifact id: '6590c329e43b72b85e544c6232059b8d') in 0.010293 seconds
Number of updated asset objects reloaded before import = 0
Number of asset objects unloaded after import = 3
========================================================================
Received Import Request.
  Time since last request: 0.000014 seconds.
  path: Assets/Images Raw/1 Tiles/Tile_12.png
  artifactKey: Guid(e94649953bd74ed44bb014f304aa70d4) Importer(815301076,1909f56bfc062723c751e8b465ee728b)
Start importing Assets/Images Raw/1 Tiles/Tile_12.png using Guid(e94649953bd74ed44bb014f304aa70d4) Importer(815301076,1909f56bfc062723c751e8b465ee728b)  -> (artifact id: '058f3109cca9dabb2afe621d6bbcaba8') in 0.009538 seconds
Number of updated asset objects reloaded before import = 0
Number of asset objects unloaded after import = 3
========================================================================
Received Import Request.
  Time since last request: 0.000024 seconds.
  path: Assets/Images Raw/1 Tiles/Tile_19.png
  artifactKey: Guid(7cf08d30a834154488891519b9cd9f92) Importer(815301076,1909f56bfc062723c751e8b465ee728b)
Start importing Assets/Images Raw/1 Tiles/Tile_19.png using Guid(7cf08d30a834154488891519b9cd9f92) Importer(815301076,1909f56bfc062723c751e8b465ee728b)  -> (artifact id: '714c1a4993701417f35d7f37d8c1d870') in 0.010321 seconds
Number of updated asset objects reloaded before import = 0
Number of asset objects unloaded after import = 3
========================================================================
Received Import Request.
  Time since last request: 0.000025 seconds.
  path: Assets/Images Raw/1 Tiles/Tile_24.png
  artifactKey: Guid(b6864e14ab9436348b1bca57e7e02c3c) Importer(815301076,1909f56bfc062723c751e8b465ee728b)
Start importing Assets/Images Raw/1 Tiles/Tile_24.png using Guid(b6864e14ab9436348b1bca57e7e02c3c) Importer(815301076,1909f56bfc062723c751e8b465ee728b)  -> (artifact id: '293a471f801479c6cbd3b22ecb4bc1c4') in 0.011445 seconds
Number of updated asset objects reloaded before import = 0
Number of asset objects unloaded after import = 3
========================================================================
Received Import Request.
  Time since last request: 0.000017 seconds.
  path: Assets/Images Raw/1 Tiles/Tile_20.png
  artifactKey: Guid(046006aac8cfead4bad45a9d4930b0a1) Importer(815301076,1909f56bfc062723c751e8b465ee728b)
Start importing Assets/Images Raw/1 Tiles/Tile_20.png using Guid(046006aac8cfead4bad45a9d4930b0a1) Importer(815301076,1909f56bfc062723c751e8b465ee728b)  -> (artifact id: 'fadd89ad4be30b768d970f1579a6e7a3') in 0.011262 seconds
Number of updated asset objects reloaded before import = 0
Number of asset objects unloaded after import = 3
========================================================================
Received Import Request.
  Time since last request: 0.000015 seconds.
  path: Assets/Images Raw/1 Tiles/Tile_23.png
  artifactKey: Guid(823be20f0853f4847843db445c065f24) Importer(815301076,1909f56bfc062723c751e8b465ee728b)
Start importing Assets/Images Raw/1 Tiles/Tile_23.png using Guid(823be20f0853f4847843db445c065f24) Importer(815301076,1909f56bfc062723c751e8b465ee728b)  -> (artifact id: '388d725ec16a93e5d2b7aefb6b76a59c') in 0.010188 seconds
Number of updated asset objects reloaded before import = 0
Number of asset objects unloaded after import = 3
========================================================================
Received Import Request.
  Time since last request: 0.000014 seconds.
  path: Assets/Images Raw/1 Tiles/Tile_17.png
  artifactKey: Guid(35ce8eb6d32865b468537e4050cee21b) Importer(815301076,1909f56bfc062723c751e8b465ee728b)
Start importing Assets/Images Raw/1 Tiles/Tile_17.png using Guid(35ce8eb6d32865b468537e4050cee21b) Importer(815301076,1909f56bfc062723c751e8b465ee728b)  -> (artifact id: 'a974fdd3fd8cea7f3a64fee95645dce5') in 0.010826 seconds
Number of updated asset objects reloaded before import = 0
Number of asset objects unloaded after import = 3
========================================================================
Received Import Request.
  Time since last request: 0.000014 seconds.
  path: Assets/Images Raw/1 Tiles/Tile_21.png
  artifactKey: Guid(5a8bc76b8d11d7c42af9b7e333a92ea0) Importer(815301076,1909f56bfc062723c751e8b465ee728b)
Start importing Assets/Images Raw/1 Tiles/Tile_21.png using Guid(5a8bc76b8d11d7c42af9b7e333a92ea0) Importer(815301076,1909f56bfc062723c751e8b465ee728b)  -> (artifact id: '0d98c9bafeb79c6185dd10b15ecbe6d1') in 0.010798 seconds
Number of updated asset objects reloaded before import = 0
Number of asset objects unloaded after import = 3
========================================================================
Received Import Request.
  Time since last request: 0.000013 seconds.
  path: Assets/Images Raw/1 Tiles/Tile_04.png
  artifactKey: Guid(d4af622771bbebc40abfa45d264828c4) Importer(815301076,1909f56bfc062723c751e8b465ee728b)
Start importing Assets/Images Raw/1 Tiles/Tile_04.png using Guid(d4af622771bbebc40abfa45d264828c4) Importer(815301076,1909f56bfc062723c751e8b465ee728b)  -> (artifact id: 'c5254eb89ddb548eecd1b4a0fa326bcc') in 0.010074 seconds
Number of updated asset objects reloaded before import = 0
Number of asset objects unloaded after import = 3
========================================================================
Received Import Request.
  Time since last request: 24.619986 seconds.
  path: Assets/Images Raw/1 Tiles/Tile_30.png
  artifactKey: Guid(bba2aab1e575d564c9bdec88048ceb5d) Importer(815301076,1909f56bfc062723c751e8b465ee728b)
Start importing Assets/Images Raw/1 Tiles/Tile_30.png using Guid(bba2aab1e575d564c9bdec88048ceb5d) Importer(815301076,1909f56bfc062723c751e8b465ee728b)  -> (artifact id: 'aa44414afe1d22ff7f6d886e92676d2b') in 0.014562 seconds
Number of updated asset objects reloaded before import = 0
Number of asset objects unloaded after import = 3
========================================================================
Received Import Request.
  Time since last request: 0.000021 seconds.
  path: Assets/Images Raw/1 Tiles/Tile_33.png
  artifactKey: Guid(c9c188fa33621d64e85f27d3d216d5e1) Importer(815301076,1909f56bfc062723c751e8b465ee728b)
Start importing Assets/Images Raw/1 Tiles/Tile_33.png using Guid(c9c188fa33621d64e85f27d3d216d5e1) Importer(815301076,1909f56bfc062723c751e8b465ee728b)  -> (artifact id: 'f47e2f366ef7ef4572b311821bcf2260') in 0.010452 seconds
Number of updated asset objects reloaded before import = 0
Number of asset objects unloaded after import = 3
========================================================================
Received Import Request.
  Time since last request: 0.000029 seconds.
  path: Assets/Images Raw/1 Tiles/Tile_35.png
  artifactKey: Guid(45b19ea1f603788469f5281da2c81315) Importer(815301076,1909f56bfc062723c751e8b465ee728b)
Start importing Assets/Images Raw/1 Tiles/Tile_35.png using Guid(45b19ea1f603788469f5281da2c81315) Importer(815301076,1909f56bfc062723c751e8b465ee728b)  -> (artifact id: '2bcbd02d0b2e7aea8dd109eff95d4d5a') in 0.012037 seconds
Number of updated asset objects reloaded before import = 0
Number of asset objects unloaded after import = 3
========================================================================
Received Import Request.
  Time since last request: 0.000045 seconds.
  path: Assets/Images Raw/1 Tiles/Tile_37.png
  artifactKey: Guid(c242e93faaa2f1542a7ad4ab4062fc88) Importer(815301076,1909f56bfc062723c751e8b465ee728b)
Start importing Assets/Images Raw/1 Tiles/Tile_37.png using Guid(c242e93faaa2f1542a7ad4ab4062fc88) Importer(815301076,1909f56bfc062723c751e8b465ee728b)  -> (artifact id: '43d7ba6cbd12a8fef367f468bae2033a') in 0.010262 seconds
Number of updated asset objects reloaded before import = 0
Number of asset objects unloaded after import = 3
========================================================================
Received Import Request.
  Time since last request: 0.009198 seconds.
  path: Assets/Images Raw/1 Tiles/Tile_38.png
  artifactKey: Guid(e4214a30961660145a3d8c70f6d1b588) Importer(815301076,1909f56bfc062723c751e8b465ee728b)
Start importing Assets/Images Raw/1 Tiles/Tile_38.png using Guid(e4214a30961660145a3d8c70f6d1b588) Importer(815301076,1909f56bfc062723c751e8b465ee728b)  -> (artifact id: '645d95077b9478ba6c402c89e79474b0') in 0.011414 seconds
Number of updated asset objects reloaded before import = 0
Number of asset objects unloaded after import = 3
========================================================================
Received Import Request.
  Time since last request: 0.000017 seconds.
  path: Assets/Images Raw/1 Tiles/Tile_40.png
  artifactKey: Guid(8b43aedfd07710e44b25d98d48325b4f) Importer(815301076,1909f56bfc062723c751e8b465ee728b)
Start importing Assets/Images Raw/1 Tiles/Tile_40.png using Guid(8b43aedfd07710e44b25d98d48325b4f) Importer(815301076,1909f56bfc062723c751e8b465ee728b)  -> (artifact id: 'c39d7c4f98c3a54ffeed9b19e81246c2') in 0.011877 seconds
Number of updated asset objects reloaded before import = 0
Number of asset objects unloaded after import = 3
========================================================================
Received Import Request.
  Time since last request: 0.000019 seconds.
  path: Assets/Images Raw/1 Tiles/Tile_41.png
  artifactKey: Guid(6b6ed78ae4c8ab84fa0d76605817aeb9) Importer(815301076,1909f56bfc062723c751e8b465ee728b)
Start importing Assets/Images Raw/1 Tiles/Tile_41.png using Guid(6b6ed78ae4c8ab84fa0d76605817aeb9) Importer(815301076,1909f56bfc062723c751e8b465ee728b)  -> (artifact id: '367bf8f078f1335265c14d192f681e10') in 0.010177 seconds
Number of updated asset objects reloaded before import = 0
Number of asset objects unloaded after import = 3
========================================================================
Received Import Request.
  Time since last request: 0.220306 seconds.
  path: Assets/Images Raw/1 Tiles/Tile_48.png
  artifactKey: Guid(f3d387c03699b8546bac0329f7820b58) Importer(815301076,1909f56bfc062723c751e8b465ee728b)
Start importing Assets/Images Raw/1 Tiles/Tile_48.png using Guid(f3d387c03699b8546bac0329f7820b58) Importer(815301076,1909f56bfc062723c751e8b465ee728b)  -> (artifact id: '83c1908a2a5a1628939f62c866aeeb8d') in 0.013625 seconds
Number of updated asset objects reloaded before import = 0
Number of asset objects unloaded after import = 3
========================================================================
Received Import Request.
  Time since last request: 0.000016 seconds.
  path: Assets/Images Raw/1 Tiles/Tile_52.png
  artifactKey: Guid(e078383ee25d62f4fa93a0111284f9aa) Importer(815301076,1909f56bfc062723c751e8b465ee728b)
Start importing Assets/Images Raw/1 Tiles/Tile_52.png using Guid(e078383ee25d62f4fa93a0111284f9aa) Importer(815301076,1909f56bfc062723c751e8b465ee728b)  -> (artifact id: '67293389c89b197c9dc42c7830b7ceb2') in 0.014155 seconds
Number of updated asset objects reloaded before import = 0
Number of asset objects unloaded after import = 3
========================================================================
Received Import Request.
  Time since last request: 0.008081 seconds.
  path: Assets/Images Raw/1 Tiles/Tile_56.png
  artifactKey: Guid(b18dec4a488718f46a71c9735fc8e8bc) Importer(815301076,1909f56bfc062723c751e8b465ee728b)
Start importing Assets/Images Raw/1 Tiles/Tile_56.png using Guid(b18dec4a488718f46a71c9735fc8e8bc) Importer(815301076,1909f56bfc062723c751e8b465ee728b)  -> (artifact id: '6592106dbeacd0c6511fb1badecf0034') in 0.012659 seconds
Number of updated asset objects reloaded before import = 0
Number of asset objects unloaded after import = 3
========================================================================
Received Import Request.
  Time since last request: 0.000118 seconds.
  path: Assets/Images Raw/1 Tiles/Tileset.png
  artifactKey: Guid(95eaba482fcfbf848a28855d0948740a) Importer(815301076,1909f56bfc062723c751e8b465ee728b)
Start importing Assets/Images Raw/1 Tiles/Tileset.png using Guid(95eaba482fcfbf848a28855d0948740a) Importer(815301076,1909f56bfc062723c751e8b465ee728b)  -> (artifact id: '7f3d8c273367a109ec7a4733267edf1c') in 0.015794 seconds
Number of updated asset objects reloaded before import = 0
Number of asset objects unloaded after import = 3
========================================================================
Received Import Request.
  Time since last request: 179.031074 seconds.
  path: Assets/Images Raw/1 Tiles/Tile_24.asset
  artifactKey: Guid(83ed4ccfac219c54cbefdb775a29f1ba) Importer(815301076,1909f56bfc062723c751e8b465ee728b)
Start importing Assets/Images Raw/1 Tiles/Tile_24.asset using Guid(83ed4ccfac219c54cbefdb775a29f1ba) Importer(815301076,1909f56bfc062723c751e8b465ee728b)  -> (artifact id: '58a79feb1f452636d9dae26168905c67') in 0.057306 seconds
Number of updated asset objects reloaded before import = 0
Number of asset objects unloaded after import = 3
========================================================================
Received Import Request.
  Time since last request: 0.000022 seconds.
  path: Assets/Images Raw/1 Tiles/Tile_33.asset
  artifactKey: Guid(8033227171bc0ba4bac86beba0b3b9e5) Importer(815301076,1909f56bfc062723c751e8b465ee728b)
Start importing Assets/Images Raw/1 Tiles/Tile_33.asset using Guid(8033227171bc0ba4bac86beba0b3b9e5) Importer(815301076,1909f56bfc062723c751e8b465ee728b)  -> (artifact id: 'a736146032cccff102a226ba4806ac66') in 0.006958 seconds
Number of updated asset objects reloaded before import = 0
Number of asset objects unloaded after import = 3
========================================================================
Received Import Request.
  Time since last request: 0.000030 seconds.
  path: Assets/Images Raw/1 Tiles/Tile_27.asset
  artifactKey: Guid(10a6b10e95e4dcb49ab6059289c55af9) Importer(815301076,1909f56bfc062723c751e8b465ee728b)
Start importing Assets/Images Raw/1 Tiles/Tile_27.asset using Guid(10a6b10e95e4dcb49ab6059289c55af9) Importer(815301076,1909f56bfc062723c751e8b465ee728b)  -> (artifact id: 'f449f899d813b5a0b8d503b935eee687') in 0.007142 seconds
Number of updated asset objects reloaded before import = 0
Number of asset objects unloaded after import = 3
========================================================================
Received Import Request.
  Time since last request: 0.000020 seconds.
  path: Assets/Images Raw/1 Tiles/Tile_25.asset
  artifactKey: Guid(9a4550bafa1326744a3134b34898bc48) Importer(815301076,1909f56bfc062723c751e8b465ee728b)
Start importing Assets/Images Raw/1 Tiles/Tile_25.asset using Guid(9a4550bafa1326744a3134b34898bc48) Importer(815301076,1909f56bfc062723c751e8b465ee728b)  -> (artifact id: '95ae7fa92ee3b0c73abef6e757f03f89') in 0.005064 seconds
Number of updated asset objects reloaded before import = 0
Number of asset objects unloaded after import = 3
========================================================================
Received Import Request.
  Time since last request: 0.000013 seconds.
  path: Assets/Images Raw/1 Tiles/Tile_30.asset
  artifactKey: Guid(e187932dde152ac4180a936d61ac48fc) Importer(815301076,1909f56bfc062723c751e8b465ee728b)
Start importing Assets/Images Raw/1 Tiles/Tile_30.asset using Guid(e187932dde152ac4180a936d61ac48fc) Importer(815301076,1909f56bfc062723c751e8b465ee728b)  -> (artifact id: 'd7dea65c2fcfe0dedb7a291c0f71835e') in 0.005253 seconds
Number of updated asset objects reloaded before import = 0
Number of asset objects unloaded after import = 3
========================================================================
Received Import Request.
  Time since last request: 0.000013 seconds.
  path: Assets/Images Raw/1 Tiles/Tile_31.asset
  artifactKey: Guid(c9c1863f94dd6e64c9dd7e1f4b00e34f) Importer(815301076,1909f56bfc062723c751e8b465ee728b)
Start importing Assets/Images Raw/1 Tiles/Tile_31.asset using Guid(c9c1863f94dd6e64c9dd7e1f4b00e34f) Importer(815301076,1909f56bfc062723c751e8b465ee728b)  -> (artifact id: 'd047815791a8c54bb452d2379f7baa41') in 0.005106 seconds
Number of updated asset objects reloaded before import = 0
Number of asset objects unloaded after import = 3
========================================================================
Received Import Request.
  Time since last request: 0.000014 seconds.
  path: Assets/Images Raw/1 Tiles/Tile_29.asset
  artifactKey: Guid(a24d12504245b6c4abe7a5137eeb1087) Importer(815301076,1909f56bfc062723c751e8b465ee728b)
Start importing Assets/Images Raw/1 Tiles/Tile_29.asset using Guid(a24d12504245b6c4abe7a5137eeb1087) Importer(815301076,1909f56bfc062723c751e8b465ee728b)  -> (artifact id: '57abf51bc39ac4a1b258aeabeba4bbd2') in 0.006223 seconds
Number of updated asset objects reloaded before import = 0
Number of asset objects unloaded after import = 3
========================================================================
Received Import Request.
  Time since last request: 0.936382 seconds.
  path: Assets/Images Raw/1 Tiles/Tile_38.asset
  artifactKey: Guid(4db67b6cd5f29e3459c2ae502a87dd16) Importer(815301076,1909f56bfc062723c751e8b465ee728b)
Start importing Assets/Images Raw/1 Tiles/Tile_38.asset using Guid(4db67b6cd5f29e3459c2ae502a87dd16) Importer(815301076,1909f56bfc062723c751e8b465ee728b)  -> (artifact id: 'cda13aa97fc22ad896bc3e157c5a6341') in 0.004963 seconds
Number of updated asset objects reloaded before import = 0
Number of asset objects unloaded after import = 3
========================================================================
Received Import Request.
  Time since last request: 0.000016 seconds.
  path: Assets/Images Raw/1 Tiles/Tile_41.asset
  artifactKey: Guid(241db1a67d34b374e968e3ec220df537) Importer(815301076,1909f56bfc062723c751e8b465ee728b)
Start importing Assets/Images Raw/1 Tiles/Tile_41.asset using Guid(241db1a67d34b374e968e3ec220df537) Importer(815301076,1909f56bfc062723c751e8b465ee728b)  -> (artifact id: 'd24f35f76c741f46b7f2ac1ec5c02911') in 0.005446 seconds
Number of updated asset objects reloaded before import = 0
Number of asset objects unloaded after import = 3
========================================================================
Received Import Request.
  Time since last request: 0.000030 seconds.
  path: Assets/Images Raw/1 Tiles/Tile_39.asset
  artifactKey: Guid(0b76c5f9045acd044b94d54dcaa5aad1) Importer(815301076,1909f56bfc062723c751e8b465ee728b)
Start importing Assets/Images Raw/1 Tiles/Tile_39.asset using Guid(0b76c5f9045acd044b94d54dcaa5aad1) Importer(815301076,1909f56bfc062723c751e8b465ee728b)  -> (artifact id: '075bc2b4107a30c1dd59b13b2503c7c8') in 0.004117 seconds
Number of updated asset objects reloaded before import = 0
Number of asset objects unloaded after import = 3
========================================================================
Received Import Request.
  Time since last request: 0.165191 seconds.
  path: Assets/Images Raw/1 Tiles/Tile_43.asset
  artifactKey: Guid(9087597e6497e5f45917d90b475a084f) Importer(815301076,1909f56bfc062723c751e8b465ee728b)
Start importing Assets/Images Raw/1 Tiles/Tile_43.asset using Guid(9087597e6497e5f45917d90b475a084f) Importer(815301076,1909f56bfc062723c751e8b465ee728b)  -> (artifact id: '885deda54fe954b36ce15135a6f32dfe') in 0.004606 seconds
Number of updated asset objects reloaded before import = 0
Number of asset objects unloaded after import = 3
========================================================================
Received Import Request.
  Time since last request: 0.000014 seconds.
  path: Assets/Images Raw/1 Tiles/Tile_44.asset
  artifactKey: Guid(b387b3883f8d1214bb5fe828d6392e6a) Importer(815301076,1909f56bfc062723c751e8b465ee728b)
Start importing Assets/Images Raw/1 Tiles/Tile_44.asset using Guid(b387b3883f8d1214bb5fe828d6392e6a) Importer(815301076,1909f56bfc062723c751e8b465ee728b)  -> (artifact id: 'bc52cd63bddea087e62e0fef82c5e95e') in 0.004210 seconds
Number of updated asset objects reloaded before import = 0
Number of asset objects unloaded after import = 3
========================================================================
Received Import Request.
  Time since last request: 0.161781 seconds.
  path: Assets/Images Raw/1 Tiles/Tile_47.asset
  artifactKey: Guid(74bc8c04bf0dcd44f995c98f85ddca84) Importer(815301076,1909f56bfc062723c751e8b465ee728b)
Start importing Assets/Images Raw/1 Tiles/Tile_47.asset using Guid(74bc8c04bf0dcd44f995c98f85ddca84) Importer(815301076,1909f56bfc062723c751e8b465ee728b)  -> (artifact id: '7d9e5dc16c115367a96d84619e4fd35c') in 0.004955 seconds
Number of updated asset objects reloaded before import = 0
Number of asset objects unloaded after import = 3
========================================================================
Received Import Request.
  Time since last request: 0.000014 seconds.
  path: Assets/Images Raw/1 Tiles/Tile_49.asset
  artifactKey: Guid(d4e735b117488f14a8b0f7cb73e6acc4) Importer(815301076,1909f56bfc062723c751e8b465ee728b)
Start importing Assets/Images Raw/1 Tiles/Tile_49.asset using Guid(d4e735b117488f14a8b0f7cb73e6acc4) Importer(815301076,1909f56bfc062723c751e8b465ee728b)  -> (artifact id: 'cad3eb0544b1cf5f6b4542846a2a2943') in 0.005168 seconds
Number of updated asset objects reloaded before import = 0
Number of asset objects unloaded after import = 3
========================================================================
Received Import Request.
  Time since last request: 0.000016 seconds.
  path: Assets/Images Raw/1 Tiles/Tile_50.asset
  artifactKey: Guid(e7a0920a6c0699c428c82db22a624b43) Importer(815301076,1909f56bfc062723c751e8b465ee728b)
Start importing Assets/Images Raw/1 Tiles/Tile_50.asset using Guid(e7a0920a6c0699c428c82db22a624b43) Importer(815301076,1909f56bfc062723c751e8b465ee728b)  -> (artifact id: 'a706c09aa1f14102f1e1cf268f38788c') in 0.004752 seconds
Number of updated asset objects reloaded before import = 0
Number of asset objects unloaded after import = 3
========================================================================
Received Import Request.
  Time since last request: 0.030991 seconds.
  path: Assets/Images Raw/1 Tiles/Tile_52.asset
  artifactKey: Guid(ee7830bafcf118a40a2914de50c6e278) Importer(815301076,1909f56bfc062723c751e8b465ee728b)
Start importing Assets/Images Raw/1 Tiles/Tile_52.asset using Guid(ee7830bafcf118a40a2914de50c6e278) Importer(815301076,1909f56bfc062723c751e8b465ee728b)  -> (artifact id: '4a551992fd931d4f52c648d8c34402a7') in 0.004797 seconds
Number of updated asset objects reloaded before import = 0
Number of asset objects unloaded after import = 3
========================================================================
Received Import Request.
  Time since last request: 0.000015 seconds.
  path: Assets/Images Raw/1 Tiles/Tile_54.asset
  artifactKey: Guid(db40efa8bd42b144ab7695e3b750382c) Importer(815301076,1909f56bfc062723c751e8b465ee728b)
Start importing Assets/Images Raw/1 Tiles/Tile_54.asset using Guid(db40efa8bd42b144ab7695e3b750382c) Importer(815301076,1909f56bfc062723c751e8b465ee728b)  -> (artifact id: '27b1fa1a3f915d51099906a1b443fa1f') in 0.004491 seconds
Number of updated asset objects reloaded before import = 0
Number of asset objects unloaded after import = 3
========================================================================
Received Import Request.
  Time since last request: 0.260823 seconds.
  path: Assets/Images Raw/1 Tiles/Tile_56.asset
  artifactKey: Guid(128581cf1696f7241ac12da2c047cf1c) Importer(815301076,1909f56bfc062723c751e8b465ee728b)
Start importing Assets/Images Raw/1 Tiles/Tile_56.asset using Guid(128581cf1696f7241ac12da2c047cf1c) Importer(815301076,1909f56bfc062723c751e8b465ee728b)  -> (artifact id: '3b84fc4e2a6988bde3c52ca37d840b02') in 0.005253 seconds
Number of updated asset objects reloaded before import = 0
Number of asset objects unloaded after import = 3
========================================================================
Received Import Request.
  Time since last request: 0.000019 seconds.
  path: Assets/Images Raw/1 Tiles/Tile_57.asset
  artifactKey: Guid(de871b191fde0f54c99ceb7189d0ba87) Importer(815301076,1909f56bfc062723c751e8b465ee728b)
Start importing Assets/Images Raw/1 Tiles/Tile_57.asset using Guid(de871b191fde0f54c99ceb7189d0ba87) Importer(815301076,1909f56bfc062723c751e8b465ee728b)  -> (artifact id: '656d8dc8a05d3ba0c2e602cfa0b1d3a0') in 0.004505 seconds
Number of updated asset objects reloaded before import = 0
Number of asset objects unloaded after import = 3
========================================================================
Received Import Request.
  Time since last request: 0.000018 seconds.
  path: Assets/Images Raw/1 Tiles/Tile_59.asset
  artifactKey: Guid(7645dec621e7f5e45a8bb037ca7b24a4) Importer(815301076,1909f56bfc062723c751e8b465ee728b)
Start importing Assets/Images Raw/1 Tiles/Tile_59.asset using Guid(7645dec621e7f5e45a8bb037ca7b24a4) Importer(815301076,1909f56bfc062723c751e8b465ee728b)  -> (artifact id: 'e62159a9cc9dbe2b09218a729a7177f2') in 0.004759 seconds
Number of updated asset objects reloaded before import = 0
Number of asset objects unloaded after import = 3
========================================================================
Received Import Request.
  Time since last request: 2.459131 seconds.
  path: Assets/Images Raw/1 Tiles/Tile_20.asset
  artifactKey: Guid(9f61a10d609fc5d41b4d978a335b4619) Importer(815301076,1909f56bfc062723c751e8b465ee728b)
Start importing Assets/Images Raw/1 Tiles/Tile_20.asset using Guid(9f61a10d609fc5d41b4d978a335b4619) Importer(815301076,1909f56bfc062723c751e8b465ee728b)  -> (artifact id: '3260bef65fbef86aa49598e28b4ed90e') in 0.006527 seconds
Number of updated asset objects reloaded before import = 0
Number of asset objects unloaded after import = 3
========================================================================
Received Import Request.
  Time since last request: 0.000016 seconds.
  path: Assets/Images Raw/1 Tiles/Tile_22.asset
  artifactKey: Guid(ed107df8e0f88aa418a471efd5652608) Importer(815301076,1909f56bfc062723c751e8b465ee728b)
Start importing Assets/Images Raw/1 Tiles/Tile_22.asset using Guid(ed107df8e0f88aa418a471efd5652608) Importer(815301076,1909f56bfc062723c751e8b465ee728b)  -> (artifact id: '6604fcde754c5ddf92ddb5f74ffce6e9') in 0.006585 seconds
Number of updated asset objects reloaded before import = 0
Number of asset objects unloaded after import = 3
========================================================================
Received Import Request.
  Time since last request: 0.000206 seconds.
  path: Assets/Images Raw/1 Tiles/Tile_15.asset
  artifactKey: Guid(0c923f4082ca6ae43be9367966e1e25a) Importer(815301076,1909f56bfc062723c751e8b465ee728b)
Start importing Assets/Images Raw/1 Tiles/Tile_15.asset using Guid(0c923f4082ca6ae43be9367966e1e25a) Importer(815301076,1909f56bfc062723c751e8b465ee728b)  -> (artifact id: '3f3ed4b4d1eca1fa53d75d444d39371a') in 0.006723 seconds
Number of updated asset objects reloaded before import = 0
Number of asset objects unloaded after import = 3
========================================================================
Received Import Request.
  Time since last request: 0.000023 seconds.
  path: Assets/Images Raw/1 Tiles/Tile_16.asset
  artifactKey: Guid(0ca8a8f8f8c772746a5a5bc57fc873fd) Importer(815301076,1909f56bfc062723c751e8b465ee728b)
Start importing Assets/Images Raw/1 Tiles/Tile_16.asset using Guid(0ca8a8f8f8c772746a5a5bc57fc873fd) Importer(815301076,1909f56bfc062723c751e8b465ee728b)  -> (artifact id: 'b20473fa0484a599275b604985274406') in 0.006138 seconds
Number of updated asset objects reloaded before import = 0
Number of asset objects unloaded after import = 3
========================================================================
Received Import Request.
  Time since last request: 0.000034 seconds.
  path: Assets/Images Raw/1 Tiles/Tile_11.asset
  artifactKey: Guid(56f5959480271c24c854bdb80193b1aa) Importer(815301076,1909f56bfc062723c751e8b465ee728b)
Start importing Assets/Images Raw/1 Tiles/Tile_11.asset using Guid(56f5959480271c24c854bdb80193b1aa) Importer(815301076,1909f56bfc062723c751e8b465ee728b)  -> (artifact id: 'dd55ffbe3fbb7f9f6b47acf4cb980c8a') in 0.005880 seconds
Number of updated asset objects reloaded before import = 0
Number of asset objects unloaded after import = 3
========================================================================
Received Import Request.
  Time since last request: 0.000018 seconds.
  path: Assets/Images Raw/1 Tiles/Tile_13.asset
  artifactKey: Guid(1679dcf79c500754abd4a1739e2fe5b5) Importer(815301076,1909f56bfc062723c751e8b465ee728b)
Start importing Assets/Images Raw/1 Tiles/Tile_13.asset using Guid(1679dcf79c500754abd4a1739e2fe5b5) Importer(815301076,1909f56bfc062723c751e8b465ee728b)  -> (artifact id: 'dd548596574475d4fda984fde74ac93c') in 0.005839 seconds
Number of updated asset objects reloaded before import = 0
Number of asset objects unloaded after import = 3
========================================================================
Received Import Request.
  Time since last request: 0.000031 seconds.
  path: Assets/Images Raw/1 Tiles/Tile_05.asset
  artifactKey: Guid(387077eee62579648bcad14d76d8c419) Importer(815301076,1909f56bfc062723c751e8b465ee728b)
Start importing Assets/Images Raw/1 Tiles/Tile_05.asset using Guid(387077eee62579648bcad14d76d8c419) Importer(815301076,1909f56bfc062723c751e8b465ee728b)  -> (artifact id: '93fd1991d13ffc8499ea71294118c176') in 0.005616 seconds
Number of updated asset objects reloaded before import = 0
Number of asset objects unloaded after import = 3
========================================================================
Received Import Request.
  Time since last request: 0.000017 seconds.
  path: Assets/Images Raw/1 Tiles/Tile_06.asset
  artifactKey: Guid(04c2bec5d47973a44a9b8fa6b2f1e3b3) Importer(815301076,1909f56bfc062723c751e8b465ee728b)
Start importing Assets/Images Raw/1 Tiles/Tile_06.asset using Guid(04c2bec5d47973a44a9b8fa6b2f1e3b3) Importer(815301076,1909f56bfc062723c751e8b465ee728b)  -> (artifact id: 'd76c487b996f10e8231c65f92f035b0d') in 0.005704 seconds
Number of updated asset objects reloaded before import = 0
Number of asset objects unloaded after import = 3
========================================================================
Received Import Request.
  Time since last request: 0.000018 seconds.
  path: Assets/Images Raw/1 Tiles/Tile_07.asset
  artifactKey: Guid(8a59c6632f5b6474e8c8cea8badd5341) Importer(815301076,1909f56bfc062723c751e8b465ee728b)
Start importing Assets/Images Raw/1 Tiles/Tile_07.asset using Guid(8a59c6632f5b6474e8c8cea8badd5341) Importer(815301076,1909f56bfc062723c751e8b465ee728b)  -> (artifact id: '4c88ac55af966619defb8ee8097c655f') in 0.005169 seconds
Number of updated asset objects reloaded before import = 0
Number of asset objects unloaded after import = 3
========================================================================
Received Import Request.
  Time since last request: 0.184257 seconds.
  path: Assets/Images Raw/1 Tiles/Tile_01.asset
  artifactKey: Guid(35ebbce962f97cc428d12e566026498a) Importer(815301076,1909f56bfc062723c751e8b465ee728b)
Start importing Assets/Images Raw/1 Tiles/Tile_01.asset using Guid(35ebbce962f97cc428d12e566026498a) Importer(815301076,1909f56bfc062723c751e8b465ee728b)  -> (artifact id: 'e99feeba9e8122efe8ecb9a91d75c516') in 0.005836 seconds
Number of updated asset objects reloaded before import = 0
Number of asset objects unloaded after import = 3
========================================================================
Received Import Request.
  Time since last request: 0.000021 seconds.
  path: Assets/Images Raw/1 Tiles/Tile_04.asset
  artifactKey: Guid(406b2857db303e948b4402dd4560f617) Importer(815301076,1909f56bfc062723c751e8b465ee728b)
Start importing Assets/Images Raw/1 Tiles/Tile_04.asset using Guid(406b2857db303e948b4402dd4560f617) Importer(815301076,1909f56bfc062723c751e8b465ee728b)  -> (artifact id: '5da5b35c2a93aa126ea01b75872a4e2c') in 0.006444 seconds
Number of updated asset objects reloaded before import = 0
Number of asset objects unloaded after import = 3
Editor requested this worker to shutdown with reason: Scaling down because of idle timeout
TcpMessagingSession - receive error: operation aborted. errorcode: 995, details: The I/O operation has been aborted because of either a thread exit or an application request.
AssetImportWorker is now disconnected from the server
Process exiting
Exiting without the bug reporter. Application will terminate with return code 0