Using pre-set license
Built from '2022.3/staging' branch; Version is '2022.3.15f1 (b58023a2b463) revision 11894819'; Using compiler version '192829333'; Build Type 'Release'
OS: 'Windows 11  (10.0.22631) 64bit Professional' Language: 'en' Physical Memory: 16221 MB
BatchMode: 1, IsHumanControllingUs: 0, StartBugReporterOnCrash: 0, Is64bit: 1, IsPro: 1

COMMAND LINE ARGUMENTS:
C:\Program Files\Unity\Hub\Editor\2022.3.15f1\Editor\Unity.exe
-adb2
-batchMode
-noUpm
-name
AssetImportWorker8
-projectPath
C:/Users/aluno/Documents/Projects/My project
-logFile
Logs/AssetImportWorker8.log
-srvPort
55476
Successfully changed project path to: C:/Users/aluno/Documents/Projects/My project
C:/Users/aluno/Documents/Projects/My project
[UnityMemory] Configuration Parameters - Can be set up in boot.config
    "memorysetup-bucket-allocator-granularity=16"
    "memorysetup-bucket-allocator-bucket-count=8"
    "memorysetup-bucket-allocator-block-size=33554432"
    "memorysetup-bucket-allocator-block-count=8"
    "memorysetup-main-allocator-block-size=16777216"
    "memorysetup-thread-allocator-block-size=16777216"
    "memorysetup-gfx-main-allocator-block-size=16777216"
    "memorysetup-gfx-thread-allocator-block-size=16777216"
    "memorysetup-cache-allocator-block-size=4194304"
    "memorysetup-typetree-allocator-block-size=2097152"
    "memorysetup-profiler-bucket-allocator-granularity=16"
    "memorysetup-profiler-bucket-allocator-bucket-count=8"
    "memorysetup-profiler-bucket-allocator-block-size=33554432"
    "memorysetup-profiler-bucket-allocator-block-count=8"
    "memorysetup-profiler-allocator-block-size=16777216"
    "memorysetup-profiler-editor-allocator-block-size=1048576"
    "memorysetup-temp-allocator-size-main=16777216"
    "memorysetup-job-temp-allocator-block-size=2097152"
    "memorysetup-job-temp-allocator-block-size-background=1048576"
    "memorysetup-job-temp-allocator-reduction-small-platforms=262144"
    "memorysetup-allocator-temp-initial-block-size-main=262144"
    "memorysetup-allocator-temp-initial-block-size-worker=262144"
    "memorysetup-temp-allocator-size-background-worker=32768"
    "memorysetup-temp-allocator-size-job-worker=262144"
    "memorysetup-temp-allocator-size-preload-manager=33554432"
    "memorysetup-temp-allocator-size-nav-mesh-worker=65536"
    "memorysetup-temp-allocator-size-audio-worker=65536"
    "memorysetup-temp-allocator-size-cloud-worker=32768"
    "memorysetup-temp-allocator-size-gi-baking-worker=262144"
    "memorysetup-temp-allocator-size-gfx=262144"
Player connection [16704] Host "[IP] 192.168.1.170 [Port] 0 [Flags] 2 [Guid] 1583727023 [EditorId] 1583727023 [Version] 1048832 [Id] WindowsEditor(7,pc01) [Debug] 1 [PackageName] WindowsEditor [ProjectName] Editor" joined multi-casting on [225.0.0.222:54997]...

Player connection [16704] Host "[IP] 192.168.1.170 [Port] 0 [Flags] 2 [Guid] 1583727023 [EditorId] 1583727023 [Version] 1048832 [Id] WindowsEditor(7,pc01) [Debug] 1 [PackageName] WindowsEditor [ProjectName] Editor" joined alternative multi-casting on [225.0.0.222:34997]...

[Physics::Module] Initialized MultithreadedJobDispatcher with 15 workers.
Refreshing native plugins compatible for Editor in 20.03 ms, found 4 plugins.
Preloading 0 native plugins for Editor in 0.00 ms.
Initialize engine version: 2022.3.15f1 (b58023a2b463)
[Subsystems] Discovering subsystems at path C:/Program Files/Unity/Hub/Editor/2022.3.15f1/Editor/Data/Resources/UnitySubsystems
[Subsystems] Discovering subsystems at path C:/Users/aluno/Documents/Projects/My project/Assets
GfxDevice: creating device client; threaded=0; jobified=0
Direct3D:
    Version:  Direct3D 11.0 [level 11.1]
    Renderer: NVIDIA GeForce RTX 3060 Ti (ID=0x2489)
    Vendor:   NVIDIA
    VRAM:     8038 MB
    Driver:   31.0.15.2824
Initialize mono
Mono path[0] = 'C:/Program Files/Unity/Hub/Editor/2022.3.15f1/Editor/Data/Managed'
Mono path[1] = 'C:/Program Files/Unity/Hub/Editor/2022.3.15f1/Editor/Data/MonoBleedingEdge/lib/mono/unityjit-win32'
Mono config path = 'C:/Program Files/Unity/Hub/Editor/2022.3.15f1/Editor/Data/MonoBleedingEdge/etc'
Using monoOptions --debugger-agent=transport=dt_socket,embedding=1,server=y,suspend=n,address=127.0.0.1:56340
Begin MonoManager ReloadAssembly
Registering precompiled unity dll's ...
Register platform support module: C:/Program Files/Unity/Hub/Editor/2022.3.15f1/Editor/Data/PlaybackEngines/WebGLSupport/UnityEditor.WebGL.Extensions.dll
Register platform support module: C:/Program Files/Unity/Hub/Editor/2022.3.15f1/Editor/Data/PlaybackEngines/WindowsStandaloneSupport/UnityEditor.WindowsStandalone.Extensions.dll
Registered in 0.006014 seconds.
- Loaded All Assemblies, in  0.266 seconds
Native extension for WindowsStandalone target not found
Native extension for WebGL target not found
Mono: successfully reloaded assembly
- Finished resetting the current domain, in  0.200 seconds
Domain Reload Profiling: 465ms
	BeginReloadAssembly (84ms)
		ExecutionOrderSort (0ms)
		DisableScriptedObjects (0ms)
		BackupInstance (0ms)
		ReleaseScriptingObjects (0ms)
		CreateAndSetChildDomain (1ms)
	RebuildCommonClasses (25ms)
	RebuildNativeTypeToScriptingClass (8ms)
	initialDomainReloadingComplete (46ms)
	LoadAllAssembliesAndSetupDomain (103ms)
		LoadAssemblies (83ms)
		RebuildTransferFunctionScriptingTraits (0ms)
		AnalyzeDomain (101ms)
			TypeCache.Refresh (100ms)
				TypeCache.ScanAssembly (89ms)
			ScanForSourceGeneratedMonoScriptInfo (0ms)
			ResolveRequiredComponents (0ms)
	FinalizeReload (200ms)
		ReleaseScriptCaches (0ms)
		RebuildScriptCaches (0ms)
		SetupLoadedEditorAssemblies (157ms)
			LogAssemblyErrors (0ms)
			InitializePlatformSupportModulesInManaged (7ms)
			SetLoadedEditorAssemblies (5ms)
			RefreshPlugins (0ms)
			BeforeProcessingInitializeOnLoad (2ms)
			ProcessInitializeOnLoadAttributes (110ms)
			ProcessInitializeOnLoadMethodAttributes (34ms)
			AfterProcessingInitializeOnLoad (0ms)
			EditorAssembliesLoaded (0ms)
		ExecutionOrderSort2 (0ms)
		AwakeInstancesAfterBackupRestoration (0ms)
========================================================================
Worker process is ready to serve import requests
Begin MonoManager ReloadAssembly
Symbol file LoadedFromMemory is not a mono symbol file
- Loaded All Assemblies, in  0.638 seconds
Refreshing native plugins compatible for Editor in 10.86 ms, found 4 plugins.
Native extension for WindowsStandalone target not found
Native extension for WebGL target not found
Package Manager log level set to [2]
[Package Manager] Server::EnsureServerProcessIsRunning -- launch failed, reason: Unity was launched with the -noUpm command-line argument
[Package Manager] UpmClient::Send -- Unable to send message (not connected to UPM process).
[Package Manager] Cannot connect to Unity Package Manager local server
Mono: successfully reloaded assembly
- Finished resetting the current domain, in  0.798 seconds
Domain Reload Profiling: 1434ms
	BeginReloadAssembly (110ms)
		ExecutionOrderSort (0ms)
		DisableScriptedObjects (5ms)
		BackupInstance (0ms)
		ReleaseScriptingObjects (0ms)
		CreateAndSetChildDomain (18ms)
	RebuildCommonClasses (24ms)
	RebuildNativeTypeToScriptingClass (8ms)
	initialDomainReloadingComplete (33ms)
	LoadAllAssembliesAndSetupDomain (460ms)
		LoadAssemblies (322ms)
		RebuildTransferFunctionScriptingTraits (0ms)
		AnalyzeDomain (201ms)
			TypeCache.Refresh (158ms)
				TypeCache.ScanAssembly (140ms)
			ScanForSourceGeneratedMonoScriptInfo (34ms)
			ResolveRequiredComponents (8ms)
	FinalizeReload (799ms)
		ReleaseScriptCaches (0ms)
		RebuildScriptCaches (0ms)
		SetupLoadedEditorAssemblies (666ms)
			LogAssemblyErrors (0ms)
			InitializePlatformSupportModulesInManaged (5ms)
			SetLoadedEditorAssemblies (3ms)
			RefreshPlugins (0ms)
			BeforeProcessingInitializeOnLoad (78ms)
			ProcessInitializeOnLoadAttributes (443ms)
			ProcessInitializeOnLoadMethodAttributes (133ms)
			AfterProcessingInitializeOnLoad (4ms)
			EditorAssembliesLoaded (0ms)
		ExecutionOrderSort2 (0ms)
		AwakeInstancesAfterBackupRestoration (5ms)
Launched and connected shader compiler UnityShaderCompiler.exe after 0.03 seconds
Refreshing native plugins compatible for Editor in 10.63 ms, found 4 plugins.
Preloading 0 native plugins for Editor in 0.00 ms.
Unloading 6920 Unused Serialized files (Serialized files now loaded: 0)
Unloading 157 unused Assets / (1.0 MB). Loaded Objects now: 7324.
Memory consumption went from 253.8 MB to 252.8 MB.
Total: 8.263400 ms (FindLiveObjects: 0.560000 ms CreateObjectMapping: 0.353000 ms MarkObjects: 6.637800 ms  DeleteObjects: 0.711500 ms)

AssetImportParameters requested are different than current active one (requested -> active):
  custom:container-demuxer-ogg: 62fdf1f143b41e24485cea50d1cbac27 -> 
  custom:framework-win-MediaFoundation: 216162199b28c13a410421893ffa2e32 -> 
  custom:container-muxer-webm: aa71ff27fc2769a1b78a27578f13a17b -> 
  custom:video-decoder-webm-vp8: 9c59270c3fd7afecdb556c50c9e8de78 -> 
  custom:SearchIndexIgnoredProperties: e643bd26f0fe6173181afceb89e7c659 -> 
  custom:AudioImporter_EditorPlatform: d09bf68614088b80899f8185d706f6e7 -> 
  custom:audio-decoder-ogg-vorbis: bf7c407c2cedff20999df2af8eb42d56 -> 
  custom:audio-encoder-webm-vorbis: bf7c407c2cedff20999df2af8eb42d56 -> 
  custom:video-decoder-ogg-theora: a1e56fd34408186e4bbccfd4996cb3dc -> 
  custom:CustomObjectIndexerAttribute: 4d1d7186bcbbfe361de5f0ad951e585c -> 
  custom:container-demuxer-webm: 4f35f7cbe854078d1ac9338744f61a02 -> 
  custom:video-encoder-webm-vp8: eb34c28f22e8b96e1ab97ce403110664 -> 
========================================================================
Received Import Request.
  Time since last request: 2387.204212 seconds.
  path: Assets/Images Raw/1 Tiles/Tile_60.png
  artifactKey: Guid(16f1c7714b3187940a1a63da6fc5408e) Importer(815301076,1909f56bfc062723c751e8b465ee728b)
Start importing Assets/Images Raw/1 Tiles/Tile_60.png using Guid(16f1c7714b3187940a1a63da6fc5408e) Importer(815301076,1909f56bfc062723c751e8b465ee728b)  -> (artifact id: '2d05f4ea892471d99f7fd856a47c8761') in 0.070599 seconds
Number of updated asset objects reloaded before import = 0
Number of asset objects unloaded after import = 3
========================================================================
Received Import Request.
  Time since last request: 5.947112 seconds.
  path: Assets/Images Raw/1 Tiles/Tile_37.png
  artifactKey: Guid(c242e93faaa2f1542a7ad4ab4062fc88) Importer(815301076,1909f56bfc062723c751e8b465ee728b)
Start importing Assets/Images Raw/1 Tiles/Tile_37.png using Guid(c242e93faaa2f1542a7ad4ab4062fc88) Importer(815301076,1909f56bfc062723c751e8b465ee728b)  -> (artifact id: '147eb3609402dd696d435aca689d4f7b') in 0.013855 seconds
Number of updated asset objects reloaded before import = 0
Number of asset objects unloaded after import = 3
========================================================================
Received Import Request.
  Time since last request: 0.000017 seconds.
  path: Assets/Images Raw/1 Tiles/Tile_44.png
  artifactKey: Guid(40b544ae44d113f47b1cb9fe51110eab) Importer(815301076,1909f56bfc062723c751e8b465ee728b)
Start importing Assets/Images Raw/1 Tiles/Tile_44.png using Guid(40b544ae44d113f47b1cb9fe51110eab) Importer(815301076,1909f56bfc062723c751e8b465ee728b)  -> (artifact id: '0ae578678c5dfdbad23c9f65e4fcc485') in 0.011956 seconds
Number of updated asset objects reloaded before import = 0
Number of asset objects unloaded after import = 3
========================================================================
Received Import Request.
  Time since last request: 0.000027 seconds.
  path: Assets/Images Raw/1 Tiles/Tile_41.png
  artifactKey: Guid(6b6ed78ae4c8ab84fa0d76605817aeb9) Importer(815301076,1909f56bfc062723c751e8b465ee728b)
Start importing Assets/Images Raw/1 Tiles/Tile_41.png using Guid(6b6ed78ae4c8ab84fa0d76605817aeb9) Importer(815301076,1909f56bfc062723c751e8b465ee728b)  -> (artifact id: '3dbf89d2753f41a0c0ffab23c4c67d8e') in 0.010495 seconds
Number of updated asset objects reloaded before import = 0
Number of asset objects unloaded after import = 3
========================================================================
Received Import Request.
  Time since last request: 0.000018 seconds.
  path: Assets/Images Raw/1 Tiles/Tile_31.png
  artifactKey: Guid(3c40a508f2d25de42957ec5f82f5564b) Importer(815301076,1909f56bfc062723c751e8b465ee728b)
Start importing Assets/Images Raw/1 Tiles/Tile_31.png using Guid(3c40a508f2d25de42957ec5f82f5564b) Importer(815301076,1909f56bfc062723c751e8b465ee728b)  -> (artifact id: '598f8ab2a14354de871160eaf09486b8') in 0.011063 seconds
Number of updated asset objects reloaded before import = 0
Number of asset objects unloaded after import = 3
========================================================================
Received Import Request.
  Time since last request: 0.000096 seconds.
  path: Assets/Images Raw/1 Tiles/Tile_35.png
  artifactKey: Guid(45b19ea1f603788469f5281da2c81315) Importer(815301076,1909f56bfc062723c751e8b465ee728b)
Start importing Assets/Images Raw/1 Tiles/Tile_35.png using Guid(45b19ea1f603788469f5281da2c81315) Importer(815301076,1909f56bfc062723c751e8b465ee728b)  -> (artifact id: '33437d7c98c651dd630c4a83b11ddf96') in 0.009494 seconds
Number of updated asset objects reloaded before import = 0
Number of asset objects unloaded after import = 3
========================================================================
Received Import Request.
  Time since last request: 0.000018 seconds.
  path: Assets/Images Raw/1 Tiles/Tile_32.png
  artifactKey: Guid(5d65e0e95c87aff44984b0d2f82042f7) Importer(815301076,1909f56bfc062723c751e8b465ee728b)
Start importing Assets/Images Raw/1 Tiles/Tile_32.png using Guid(5d65e0e95c87aff44984b0d2f82042f7) Importer(815301076,1909f56bfc062723c751e8b465ee728b)  -> (artifact id: '9925f5d604ec1a55dedf5b4923224ad3') in 0.009123 seconds
Number of updated asset objects reloaded before import = 0
Number of asset objects unloaded after import = 3
========================================================================
Received Import Request.
  Time since last request: 0.176945 seconds.
  path: Assets/Images Raw/1 Tiles/Tile_19.png
  artifactKey: Guid(7cf08d30a834154488891519b9cd9f92) Importer(815301076,1909f56bfc062723c751e8b465ee728b)
Start importing Assets/Images Raw/1 Tiles/Tile_19.png using Guid(7cf08d30a834154488891519b9cd9f92) Importer(815301076,1909f56bfc062723c751e8b465ee728b)  -> (artifact id: '4bca6dbc8b5882eaf10c748260122a23') in 0.013187 seconds
Number of updated asset objects reloaded before import = 0
Number of asset objects unloaded after import = 3
========================================================================
Received Import Request.
  Time since last request: 0.000024 seconds.
  path: Assets/Images Raw/1 Tiles/Tile_26.png
  artifactKey: Guid(264aa57245b96f74d9f1e7a3e0045df0) Importer(815301076,1909f56bfc062723c751e8b465ee728b)
Start importing Assets/Images Raw/1 Tiles/Tile_26.png using Guid(264aa57245b96f74d9f1e7a3e0045df0) Importer(815301076,1909f56bfc062723c751e8b465ee728b)  -> (artifact id: 'ffe234ac0b6bd7d70892d0f853f158a2') in 0.011506 seconds
Number of updated asset objects reloaded before import = 0
Number of asset objects unloaded after import = 3
========================================================================
Received Import Request.
  Time since last request: 0.006205 seconds.
  path: Assets/Images Raw/1 Tiles/Tile_10.png
  artifactKey: Guid(c2bf263855ddd4b4092133f8e19b86ee) Importer(815301076,1909f56bfc062723c751e8b465ee728b)
Start importing Assets/Images Raw/1 Tiles/Tile_10.png using Guid(c2bf263855ddd4b4092133f8e19b86ee) Importer(815301076,1909f56bfc062723c751e8b465ee728b)  -> (artifact id: 'bf42196a46f6e97e13653565ac2b2822') in 0.013061 seconds
Number of updated asset objects reloaded before import = 0
Number of asset objects unloaded after import = 3
========================================================================
Received Import Request.
  Time since last request: 0.000039 seconds.
  path: Assets/Images Raw/1 Tiles/Tile_08.png
  artifactKey: Guid(fb2200955cd1ff74188338a745904536) Importer(815301076,1909f56bfc062723c751e8b465ee728b)
Start importing Assets/Images Raw/1 Tiles/Tile_08.png using Guid(fb2200955cd1ff74188338a745904536) Importer(815301076,1909f56bfc062723c751e8b465ee728b)  -> (artifact id: 'a3b7603832474a39d5bcc4d46d4f43a0') in 0.013209 seconds
Number of updated asset objects reloaded before import = 0
Number of asset objects unloaded after import = 3
========================================================================
Received Import Request.
  Time since last request: 0.000011 seconds.
  path: Assets/Images Raw/1 Tiles/Tile_18.png
  artifactKey: Guid(e384203385add1944a456c98464ba0e1) Importer(815301076,1909f56bfc062723c751e8b465ee728b)
Start importing Assets/Images Raw/1 Tiles/Tile_18.png using Guid(e384203385add1944a456c98464ba0e1) Importer(815301076,1909f56bfc062723c751e8b465ee728b)  -> (artifact id: '7265ded9cf228e252f80413add9d45d1') in 0.011731 seconds
Number of updated asset objects reloaded before import = 0
Number of asset objects unloaded after import = 3
========================================================================
Received Import Request.
  Time since last request: 0.000020 seconds.
  path: Assets/Images Raw/1 Tiles/Tile_15.png
  artifactKey: Guid(1c2cd2311a213af4192418d62ef71081) Importer(815301076,1909f56bfc062723c751e8b465ee728b)
Start importing Assets/Images Raw/1 Tiles/Tile_15.png using Guid(1c2cd2311a213af4192418d62ef71081) Importer(815301076,1909f56bfc062723c751e8b465ee728b)  -> (artifact id: '82b8a3c20f7b907f35112ead41a60fe8') in 0.013458 seconds
Number of updated asset objects reloaded before import = 0
Number of asset objects unloaded after import = 3
========================================================================
Received Import Request.
  Time since last request: 5.791234 seconds.
  path: Assets/Images Raw/1 Tiles/Tile_23.png
  artifactKey: Guid(823be20f0853f4847843db445c065f24) Importer(815301076,1909f56bfc062723c751e8b465ee728b)
Start importing Assets/Images Raw/1 Tiles/Tile_23.png using Guid(823be20f0853f4847843db445c065f24) Importer(815301076,1909f56bfc062723c751e8b465ee728b)  -> (artifact id: '9fa234dc4cc13951c9ddfd166ed8f6c3') in 0.009407 seconds
Number of updated asset objects reloaded before import = 0
Number of asset objects unloaded after import = 3
========================================================================
Received Import Request.
  Time since last request: 0.012214 seconds.
  path: Assets/Images Raw/1 Tiles/Tile_01.png
  artifactKey: Guid(941bf63e3689d8f44841b2472cc360da) Importer(815301076,1909f56bfc062723c751e8b465ee728b)
Start importing Assets/Images Raw/1 Tiles/Tile_01.png using Guid(941bf63e3689d8f44841b2472cc360da) Importer(815301076,1909f56bfc062723c751e8b465ee728b)  -> (artifact id: 'afdf9b67549b7232e8faba368b41f2c8') in 0.013138 seconds
Number of updated asset objects reloaded before import = 0
Number of asset objects unloaded after import = 3
========================================================================
Received Import Request.
  Time since last request: 0.000015 seconds.
  path: Assets/Images Raw/1 Tiles/Tile_26.png
  artifactKey: Guid(264aa57245b96f74d9f1e7a3e0045df0) Importer(815301076,1909f56bfc062723c751e8b465ee728b)
Start importing Assets/Images Raw/1 Tiles/Tile_26.png using Guid(264aa57245b96f74d9f1e7a3e0045df0) Importer(815301076,1909f56bfc062723c751e8b465ee728b)  -> (artifact id: '42cb3126771dd7690edbb4273b8c4bb8') in 0.015757 seconds
Number of updated asset objects reloaded before import = 0
Number of asset objects unloaded after import = 3
========================================================================
Received Import Request.
  Time since last request: 0.000014 seconds.
  path: Assets/Images Raw/1 Tiles/Tile_07.png
  artifactKey: Guid(c6970a36b105266489efc61c1c3fb085) Importer(815301076,1909f56bfc062723c751e8b465ee728b)
Start importing Assets/Images Raw/1 Tiles/Tile_07.png using Guid(c6970a36b105266489efc61c1c3fb085) Importer(815301076,1909f56bfc062723c751e8b465ee728b)  -> (artifact id: 'c0eb1fb0893f79414a4be41f078b825d') in 0.013660 seconds
Number of updated asset objects reloaded before import = 0
Number of asset objects unloaded after import = 3
========================================================================
Received Import Request.
  Time since last request: 0.000024 seconds.
  path: Assets/Images Raw/1 Tiles/Tile_18.png
  artifactKey: Guid(e384203385add1944a456c98464ba0e1) Importer(815301076,1909f56bfc062723c751e8b465ee728b)
Start importing Assets/Images Raw/1 Tiles/Tile_18.png using Guid(e384203385add1944a456c98464ba0e1) Importer(815301076,1909f56bfc062723c751e8b465ee728b)  -> (artifact id: '29b744d320648bd9a33f546e7c56223f') in 0.015615 seconds
Number of updated asset objects reloaded before import = 0
Number of asset objects unloaded after import = 3
========================================================================
Received Import Request.
  Time since last request: 0.000031 seconds.
  path: Assets/Images Raw/1 Tiles/Tile_24.png
  artifactKey: Guid(b6864e14ab9436348b1bca57e7e02c3c) Importer(815301076,1909f56bfc062723c751e8b465ee728b)
Start importing Assets/Images Raw/1 Tiles/Tile_24.png using Guid(b6864e14ab9436348b1bca57e7e02c3c) Importer(815301076,1909f56bfc062723c751e8b465ee728b)  -> (artifact id: '2b77912445d2d0111d401a47d2ac8038') in 0.011217 seconds
Number of updated asset objects reloaded before import = 0
Number of asset objects unloaded after import = 3
========================================================================
Received Import Request.
  Time since last request: 0.000017 seconds.
  path: Assets/Images Raw/1 Tiles/Tile_05.png
  artifactKey: Guid(e5fdb4cf9cd8204489ea81228fb562df) Importer(815301076,1909f56bfc062723c751e8b465ee728b)
Start importing Assets/Images Raw/1 Tiles/Tile_05.png using Guid(e5fdb4cf9cd8204489ea81228fb562df) Importer(815301076,1909f56bfc062723c751e8b465ee728b)  -> (artifact id: '827a8e722b7f6a36080cfdb850566dc6') in 0.009395 seconds
Number of updated asset objects reloaded before import = 0
Number of asset objects unloaded after import = 3
========================================================================
Received Import Request.
  Time since last request: 0.000059 seconds.
  path: Assets/Images Raw/1 Tiles/Tile_21.png
  artifactKey: Guid(5a8bc76b8d11d7c42af9b7e333a92ea0) Importer(815301076,1909f56bfc062723c751e8b465ee728b)
Start importing Assets/Images Raw/1 Tiles/Tile_21.png using Guid(5a8bc76b8d11d7c42af9b7e333a92ea0) Importer(815301076,1909f56bfc062723c751e8b465ee728b)  -> (artifact id: '606020632520431efdf8d0f901786301') in 0.010474 seconds
Number of updated asset objects reloaded before import = 0
Number of asset objects unloaded after import = 3
========================================================================
Received Import Request.
  Time since last request: 0.394541 seconds.
  path: Assets/Images Raw/1 Tiles/Tile_29.png
  artifactKey: Guid(a3c45811bde2d0245b112135dc376bbb) Importer(815301076,1909f56bfc062723c751e8b465ee728b)
Start importing Assets/Images Raw/1 Tiles/Tile_29.png using Guid(a3c45811bde2d0245b112135dc376bbb) Importer(815301076,1909f56bfc062723c751e8b465ee728b)  -> (artifact id: 'c38d157359c39277d0b3986790c4950b') in 0.011674 seconds
Number of updated asset objects reloaded before import = 0
Number of asset objects unloaded after import = 3
========================================================================
Received Import Request.
  Time since last request: 0.000042 seconds.
  path: Assets/Images Raw/1 Tiles/Tile_33.png
  artifactKey: Guid(c9c188fa33621d64e85f27d3d216d5e1) Importer(815301076,1909f56bfc062723c751e8b465ee728b)
Start importing Assets/Images Raw/1 Tiles/Tile_33.png using Guid(c9c188fa33621d64e85f27d3d216d5e1) Importer(815301076,1909f56bfc062723c751e8b465ee728b)  -> (artifact id: '3981006777866e56e157909c8f422ff0') in 0.012248 seconds
Number of updated asset objects reloaded before import = 0
Number of asset objects unloaded after import = 3
========================================================================
Received Import Request.
  Time since last request: 15.769261 seconds.
  path: Assets/Images Raw/1 Tiles/ground.prefab
  artifactKey: Guid(e8ebc9afb6e1f9341af064db5f8b9f88) Importer(815301076,1909f56bfc062723c751e8b465ee728b)
Start importing Assets/Images Raw/1 Tiles/ground.prefab using Guid(e8ebc9afb6e1f9341af064db5f8b9f88) Importer(815301076,1909f56bfc062723c751e8b465ee728b)  -> (artifact id: '1df53804c8c9ceb87dda60bcf455554f') in 0.144155 seconds
Number of updated asset objects reloaded before import = 0
Number of asset objects unloaded after import = 12
========================================================================
Received Import Request.
  Time since last request: 5.431893 seconds.
  path: Assets/Images Raw/1 Tiles/ground.prefab
  artifactKey: Guid(e8ebc9afb6e1f9341af064db5f8b9f88) Importer(815301076,1909f56bfc062723c751e8b465ee728b)
Start importing Assets/Images Raw/1 Tiles/ground.prefab using Guid(e8ebc9afb6e1f9341af064db5f8b9f88) Importer(815301076,1909f56bfc062723c751e8b465ee728b)  -> (artifact id: '1988b8e4aa2fa61c3e05d8b8837675ca') in 0.045293 seconds
Number of updated asset objects reloaded before import = 0
Number of asset objects unloaded after import = 191
Editor requested this worker to shutdown with reason: Scaling down because of idle timeout
TcpMessagingSession - receive error: operation aborted. errorcode: 995, details: The I/O operation has been aborted because of either a thread exit or an application request.
AssetImportWorker is now disconnected from the server
Process exiting
Exiting without the bug reporter. Application will terminate with return code 0